{"/Users/MikeEnik/dev/stellar-burgers/src/services/root-reducer.ts": {"path":"/Users/MikeEnik/dev/stellar-burgers/src/services/root-reducer.ts","statementMap":{"0":{"start":{"line":9,"column":27},"end":{"line":16,"column":2}}},"fnMap":{},"branchMap":{},"s":{"0":1},"f":{},"b":{},"_coverageSchema":"1a1c01bbd47fc00a2c39e90264f33305004495a9","hash":"7b0b6625c92692d1587ec212a30f7565edf0e394"}
,"/Users/MikeEnik/dev/stellar-burgers/src/services/slices/auth-slice.ts": {"path":"/Users/MikeEnik/dev/stellar-burgers/src/services/slices/auth-slice.ts","statementMap":{"0":{"start":{"line":21,"column":32},"end":{"line":26,"column":1}},"1":{"start":{"line":28,"column":25},"end":{"line":45,"column":1}},"2":{"start":{"line":31,"column":4},"end":{"line":43,"column":5}},"3":{"start":{"line":32,"column":23},"end":{"line":32,"column":47}},"4":{"start":{"line":33,"column":6},"end":{"line":37,"column":7}},"5":{"start":{"line":34,"column":8},"end":{"line":34,"column":55}},"6":{"start":{"line":35,"column":8},"end":{"line":35,"column":68}},"7":{"start":{"line":36,"column":8},"end":{"line":36,"column":29}},"8":{"start":{"line":38,"column":6},"end":{"line":38,"column":51}},"9":{"start":{"line":40,"column":6},"end":{"line":42,"column":8}},"10":{"start":{"line":47,"column":28},"end":{"line":64,"column":1}},"11":{"start":{"line":50,"column":4},"end":{"line":62,"column":5}},"12":{"start":{"line":51,"column":23},"end":{"line":51,"column":50}},"13":{"start":{"line":52,"column":6},"end":{"line":56,"column":7}},"14":{"start":{"line":53,"column":8},"end":{"line":53,"column":55}},"15":{"start":{"line":54,"column":8},"end":{"line":54,"column":68}},"16":{"start":{"line":55,"column":8},"end":{"line":55,"column":29}},"17":{"start":{"line":57,"column":6},"end":{"line":57,"column":51}},"18":{"start":{"line":59,"column":6},"end":{"line":61,"column":8}},"19":{"start":{"line":66,"column":23},"end":{"line":83,"column":1}},"20":{"start":{"line":69,"column":4},"end":{"line":81,"column":5}},"21":{"start":{"line":70,"column":23},"end":{"line":70,"column":41}},"22":{"start":{"line":71,"column":6},"end":{"line":73,"column":7}},"23":{"start":{"line":72,"column":8},"end":{"line":72,"column":29}},"24":{"start":{"line":74,"column":6},"end":{"line":74,"column":69}},"25":{"start":{"line":76,"column":6},"end":{"line":80,"column":8}},"26":{"start":{"line":85,"column":26},"end":{"line":102,"column":1}},"27":{"start":{"line":88,"column":4},"end":{"line":100,"column":5}},"28":{"start":{"line":89,"column":23},"end":{"line":89,"column":48}},"29":{"start":{"line":90,"column":6},"end":{"line":92,"column":7}},"30":{"start":{"line":91,"column":8},"end":{"line":91,"column":29}},"31":{"start":{"line":93,"column":6},"end":{"line":93,"column":70}},"32":{"start":{"line":95,"column":6},"end":{"line":99,"column":8}},"33":{"start":{"line":104,"column":26},"end":{"line":120,"column":1}},"34":{"start":{"line":107,"column":4},"end":{"line":118,"column":5}},"35":{"start":{"line":108,"column":6},"end":{"line":108,"column":24}},"36":{"start":{"line":109,"column":6},"end":{"line":109,"column":34}},"37":{"start":{"line":110,"column":6},"end":{"line":110,"column":46}},"38":{"start":{"line":111,"column":6},"end":{"line":111,"column":18}},"39":{"start":{"line":113,"column":6},"end":{"line":113,"column":34}},"40":{"start":{"line":114,"column":6},"end":{"line":114,"column":46}},"41":{"start":{"line":115,"column":6},"end":{"line":117,"column":8}},"42":{"start":{"line":122,"column":25},"end":{"line":143,"column":1}},"43":{"start":{"line":125,"column":4},"end":{"line":141,"column":5}},"44":{"start":{"line":126,"column":20},"end":{"line":126,"column":44}},"45":{"start":{"line":127,"column":6},"end":{"line":129,"column":7}},"46":{"start":{"line":128,"column":8},"end":{"line":128,"column":45}},"47":{"start":{"line":130,"column":23},"end":{"line":130,"column":41}},"48":{"start":{"line":131,"column":6},"end":{"line":133,"column":7}},"49":{"start":{"line":132,"column":8},"end":{"line":132,"column":29}},"50":{"start":{"line":134,"column":6},"end":{"line":134,"column":60}},"51":{"start":{"line":136,"column":6},"end":{"line":136,"column":34}},"52":{"start":{"line":137,"column":6},"end":{"line":137,"column":46}},"53":{"start":{"line":138,"column":6},"end":{"line":140,"column":8}},"54":{"start":{"line":145,"column":25},"end":{"line":256,"column":2}},"55":{"start":{"line":150,"column":6},"end":{"line":150,"column":25}},"56":{"start":{"line":153,"column":6},"end":{"line":153,"column":34}},"57":{"start":{"line":154,"column":6},"end":{"line":154,"column":35}},"58":{"start":{"line":157,"column":6},"end":{"line":157,"column":24}},"59":{"start":{"line":158,"column":6},"end":{"line":158,"column":36}},"60":{"start":{"line":162,"column":4},"end":{"line":254,"column":9}},"61":{"start":{"line":164,"column":8},"end":{"line":164,"column":31}},"62":{"start":{"line":165,"column":8},"end":{"line":165,"column":27}},"63":{"start":{"line":168,"column":8},"end":{"line":168,"column":32}},"64":{"start":{"line":169,"column":8},"end":{"line":169,"column":44}},"65":{"start":{"line":170,"column":8},"end":{"line":170,"column":37}},"66":{"start":{"line":171,"column":8},"end":{"line":171,"column":27}},"67":{"start":{"line":174,"column":8},"end":{"line":174,"column":32}},"68":{"start":{"line":175,"column":8},"end":{"line":175,"column":67}},"69":{"start":{"line":176,"column":8},"end":{"line":176,"column":38}},"70":{"start":{"line":179,"column":8},"end":{"line":179,"column":31}},"71":{"start":{"line":180,"column":8},"end":{"line":180,"column":27}},"72":{"start":{"line":183,"column":8},"end":{"line":183,"column":32}},"73":{"start":{"line":184,"column":8},"end":{"line":184,"column":44}},"74":{"start":{"line":185,"column":8},"end":{"line":185,"column":37}},"75":{"start":{"line":186,"column":8},"end":{"line":186,"column":27}},"76":{"start":{"line":189,"column":8},"end":{"line":189,"column":32}},"77":{"start":{"line":190,"column":8},"end":{"line":190,"column":73}},"78":{"start":{"line":191,"column":8},"end":{"line":191,"column":38}},"79":{"start":{"line":194,"column":8},"end":{"line":194,"column":31}},"80":{"start":{"line":195,"column":8},"end":{"line":195,"column":27}},"81":{"start":{"line":198,"column":8},"end":{"line":198,"column":32}},"82":{"start":{"line":199,"column":8},"end":{"line":199,"column":44}},"83":{"start":{"line":200,"column":8},"end":{"line":200,"column":37}},"84":{"start":{"line":201,"column":8},"end":{"line":201,"column":27}},"85":{"start":{"line":204,"column":8},"end":{"line":204,"column":32}},"86":{"start":{"line":205,"column":8},"end":{"line":206,"column":79}},"87":{"start":{"line":207,"column":8},"end":{"line":207,"column":38}},"88":{"start":{"line":210,"column":8},"end":{"line":210,"column":31}},"89":{"start":{"line":211,"column":8},"end":{"line":211,"column":27}},"90":{"start":{"line":214,"column":8},"end":{"line":214,"column":32}},"91":{"start":{"line":215,"column":8},"end":{"line":215,"column":44}},"92":{"start":{"line":216,"column":8},"end":{"line":216,"column":27}},"93":{"start":{"line":219,"column":8},"end":{"line":219,"column":32}},"94":{"start":{"line":220,"column":8},"end":{"line":220,"column":79}},"95":{"start":{"line":223,"column":8},"end":{"line":223,"column":31}},"96":{"start":{"line":224,"column":8},"end":{"line":224,"column":27}},"97":{"start":{"line":227,"column":8},"end":{"line":227,"column":32}},"98":{"start":{"line":228,"column":8},"end":{"line":228,"column":26}},"99":{"start":{"line":229,"column":8},"end":{"line":229,"column":38}},"100":{"start":{"line":230,"column":8},"end":{"line":230,"column":27}},"101":{"start":{"line":233,"column":8},"end":{"line":233,"column":32}},"102":{"start":{"line":234,"column":8},"end":{"line":234,"column":26}},"103":{"start":{"line":235,"column":8},"end":{"line":235,"column":38}},"104":{"start":{"line":236,"column":8},"end":{"line":236,"column":68}},"105":{"start":{"line":239,"column":8},"end":{"line":239,"column":31}},"106":{"start":{"line":240,"column":8},"end":{"line":240,"column":27}},"107":{"start":{"line":243,"column":8},"end":{"line":243,"column":32}},"108":{"start":{"line":244,"column":8},"end":{"line":244,"column":44}},"109":{"start":{"line":245,"column":8},"end":{"line":245,"column":37}},"110":{"start":{"line":246,"column":8},"end":{"line":246,"column":27}},"111":{"start":{"line":249,"column":8},"end":{"line":249,"column":32}},"112":{"start":{"line":250,"column":8},"end":{"line":250,"column":26}},"113":{"start":{"line":251,"column":8},"end":{"line":251,"column":38}},"114":{"start":{"line":252,"column":8},"end":{"line":253,"column":70}},"115":{"start":{"line":258,"column":50},"end":{"line":258,"column":67}}},"fnMap":{"0":{"name":"(anonymous_0)","decl":{"start":{"line":30,"column":2},"end":{"line":30,"column":3}},"loc":{"start":{"line":30,"column":51},"end":{"line":44,"column":3}},"line":30},"1":{"name":"(anonymous_1)","decl":{"start":{"line":49,"column":2},"end":{"line":49,"column":3}},"loc":{"start":{"line":49,"column":54},"end":{"line":63,"column":3}},"line":49},"2":{"name":"(anonymous_2)","decl":{"start":{"line":68,"column":2},"end":{"line":68,"column":3}},"loc":{"start":{"line":68,"column":36},"end":{"line":82,"column":3}},"line":68},"3":{"name":"(anonymous_3)","decl":{"start":{"line":87,"column":2},"end":{"line":87,"column":3}},"loc":{"start":{"line":87,"column":63},"end":{"line":101,"column":3}},"line":87},"4":{"name":"(anonymous_4)","decl":{"start":{"line":106,"column":2},"end":{"line":106,"column":3}},"loc":{"start":{"line":106,"column":36},"end":{"line":119,"column":3}},"line":106},"5":{"name":"(anonymous_5)","decl":{"start":{"line":124,"column":2},"end":{"line":124,"column":3}},"loc":{"start":{"line":124,"column":36},"end":{"line":142,"column":3}},"line":124},"6":{"name":"(anonymous_6)","decl":{"start":{"line":149,"column":16},"end":{"line":149,"column":17}},"loc":{"start":{"line":149,"column":27},"end":{"line":151,"column":5}},"line":149},"7":{"name":"(anonymous_7)","decl":{"start":{"line":152,"column":13},"end":{"line":152,"column":14}},"loc":{"start":{"line":152,"column":54},"end":{"line":155,"column":5}},"line":152},"8":{"name":"(anonymous_8)","decl":{"start":{"line":156,"column":15},"end":{"line":156,"column":16}},"loc":{"start":{"line":156,"column":26},"end":{"line":159,"column":5}},"line":156},"9":{"name":"(anonymous_9)","decl":{"start":{"line":161,"column":17},"end":{"line":161,"column":18}},"loc":{"start":{"line":161,"column":30},"end":{"line":255,"column":3}},"line":161},"10":{"name":"(anonymous_10)","decl":{"start":{"line":163,"column":34},"end":{"line":163,"column":35}},"loc":{"start":{"line":163,"column":45},"end":{"line":166,"column":7}},"line":163},"11":{"name":"(anonymous_11)","decl":{"start":{"line":167,"column":36},"end":{"line":167,"column":37}},"loc":{"start":{"line":167,"column":55},"end":{"line":172,"column":7}},"line":167},"12":{"name":"(anonymous_12)","decl":{"start":{"line":173,"column":35},"end":{"line":173,"column":36}},"loc":{"start":{"line":173,"column":54},"end":{"line":177,"column":7}},"line":173},"13":{"name":"(anonymous_13)","decl":{"start":{"line":178,"column":37},"end":{"line":178,"column":38}},"loc":{"start":{"line":178,"column":48},"end":{"line":181,"column":7}},"line":178},"14":{"name":"(anonymous_14)","decl":{"start":{"line":182,"column":39},"end":{"line":182,"column":40}},"loc":{"start":{"line":182,"column":58},"end":{"line":187,"column":7}},"line":182},"15":{"name":"(anonymous_15)","decl":{"start":{"line":188,"column":38},"end":{"line":188,"column":39}},"loc":{"start":{"line":188,"column":57},"end":{"line":192,"column":7}},"line":188},"16":{"name":"(anonymous_16)","decl":{"start":{"line":193,"column":32},"end":{"line":193,"column":33}},"loc":{"start":{"line":193,"column":43},"end":{"line":196,"column":7}},"line":193},"17":{"name":"(anonymous_17)","decl":{"start":{"line":197,"column":34},"end":{"line":197,"column":35}},"loc":{"start":{"line":197,"column":53},"end":{"line":202,"column":7}},"line":197},"18":{"name":"(anonymous_18)","decl":{"start":{"line":203,"column":33},"end":{"line":203,"column":34}},"loc":{"start":{"line":203,"column":52},"end":{"line":208,"column":7}},"line":203},"19":{"name":"(anonymous_19)","decl":{"start":{"line":209,"column":35},"end":{"line":209,"column":36}},"loc":{"start":{"line":209,"column":46},"end":{"line":212,"column":7}},"line":209},"20":{"name":"(anonymous_20)","decl":{"start":{"line":213,"column":37},"end":{"line":213,"column":38}},"loc":{"start":{"line":213,"column":56},"end":{"line":217,"column":7}},"line":213},"21":{"name":"(anonymous_21)","decl":{"start":{"line":218,"column":36},"end":{"line":218,"column":37}},"loc":{"start":{"line":218,"column":55},"end":{"line":221,"column":7}},"line":218},"22":{"name":"(anonymous_22)","decl":{"start":{"line":222,"column":35},"end":{"line":222,"column":36}},"loc":{"start":{"line":222,"column":46},"end":{"line":225,"column":7}},"line":222},"23":{"name":"(anonymous_23)","decl":{"start":{"line":226,"column":37},"end":{"line":226,"column":38}},"loc":{"start":{"line":226,"column":48},"end":{"line":231,"column":7}},"line":226},"24":{"name":"(anonymous_24)","decl":{"start":{"line":232,"column":36},"end":{"line":232,"column":37}},"loc":{"start":{"line":232,"column":55},"end":{"line":237,"column":7}},"line":232},"25":{"name":"(anonymous_25)","decl":{"start":{"line":238,"column":34},"end":{"line":238,"column":35}},"loc":{"start":{"line":238,"column":45},"end":{"line":241,"column":7}},"line":238},"26":{"name":"(anonymous_26)","decl":{"start":{"line":242,"column":36},"end":{"line":242,"column":37}},"loc":{"start":{"line":242,"column":55},"end":{"line":247,"column":7}},"line":242},"27":{"name":"(anonymous_27)","decl":{"start":{"line":248,"column":35},"end":{"line":248,"column":36}},"loc":{"start":{"line":248,"column":54},"end":{"line":254,"column":7}},"line":248}},"branchMap":{"0":{"loc":{"start":{"line":33,"column":6},"end":{"line":37,"column":7}},"type":"if","locations":[{"start":{"line":33,"column":6},"end":{"line":37,"column":7}},{"start":{},"end":{}}],"line":33},"1":{"loc":{"start":{"line":41,"column":8},"end":{"line":41,"column":69}},"type":"cond-expr","locations":[{"start":{"line":41,"column":33},"end":{"line":41,"column":46}},{"start":{"line":41,"column":49},"end":{"line":41,"column":69}}],"line":41},"2":{"loc":{"start":{"line":52,"column":6},"end":{"line":56,"column":7}},"type":"if","locations":[{"start":{"line":52,"column":6},"end":{"line":56,"column":7}},{"start":{},"end":{}}],"line":52},"3":{"loc":{"start":{"line":60,"column":8},"end":{"line":60,"column":69}},"type":"cond-expr","locations":[{"start":{"line":60,"column":33},"end":{"line":60,"column":46}},{"start":{"line":60,"column":49},"end":{"line":60,"column":69}}],"line":60},"4":{"loc":{"start":{"line":71,"column":6},"end":{"line":73,"column":7}},"type":"if","locations":[{"start":{"line":71,"column":6},"end":{"line":73,"column":7}},{"start":{},"end":{}}],"line":71},"5":{"loc":{"start":{"line":77,"column":8},"end":{"line":79,"column":50}},"type":"cond-expr","locations":[{"start":{"line":78,"column":12},"end":{"line":78,"column":25}},{"start":{"line":79,"column":12},"end":{"line":79,"column":50}}],"line":77},"6":{"loc":{"start":{"line":90,"column":6},"end":{"line":92,"column":7}},"type":"if","locations":[{"start":{"line":90,"column":6},"end":{"line":92,"column":7}},{"start":{},"end":{}}],"line":90},"7":{"loc":{"start":{"line":96,"column":8},"end":{"line":98,"column":51}},"type":"cond-expr","locations":[{"start":{"line":97,"column":12},"end":{"line":97,"column":25}},{"start":{"line":98,"column":12},"end":{"line":98,"column":51}}],"line":96},"8":{"loc":{"start":{"line":116,"column":8},"end":{"line":116,"column":64}},"type":"cond-expr","locations":[{"start":{"line":116,"column":33},"end":{"line":116,"column":46}},{"start":{"line":116,"column":49},"end":{"line":116,"column":64}}],"line":116},"9":{"loc":{"start":{"line":127,"column":6},"end":{"line":129,"column":7}},"type":"if","locations":[{"start":{"line":127,"column":6},"end":{"line":129,"column":7}},{"start":{},"end":{}}],"line":127},"10":{"loc":{"start":{"line":131,"column":6},"end":{"line":133,"column":7}},"type":"if","locations":[{"start":{"line":131,"column":6},"end":{"line":133,"column":7}},{"start":{},"end":{}}],"line":131},"11":{"loc":{"start":{"line":139,"column":8},"end":{"line":139,"column":78}},"type":"cond-expr","locations":[{"start":{"line":139,"column":33},"end":{"line":139,"column":46}},{"start":{"line":139,"column":49},"end":{"line":139,"column":78}}],"line":139},"12":{"loc":{"start":{"line":169,"column":21},"end":{"line":169,"column":43}},"type":"binary-expr","locations":[{"start":{"line":169,"column":21},"end":{"line":169,"column":35}},{"start":{"line":169,"column":39},"end":{"line":169,"column":43}}],"line":169},"13":{"loc":{"start":{"line":175,"column":22},"end":{"line":175,"column":66}},"type":"binary-expr","locations":[{"start":{"line":175,"column":23},"end":{"line":175,"column":47}},{"start":{"line":175,"column":52},"end":{"line":175,"column":66}}],"line":175},"14":{"loc":{"start":{"line":184,"column":21},"end":{"line":184,"column":43}},"type":"binary-expr","locations":[{"start":{"line":184,"column":21},"end":{"line":184,"column":35}},{"start":{"line":184,"column":39},"end":{"line":184,"column":43}}],"line":184},"15":{"loc":{"start":{"line":190,"column":22},"end":{"line":190,"column":72}},"type":"binary-expr","locations":[{"start":{"line":190,"column":23},"end":{"line":190,"column":47}},{"start":{"line":190,"column":52},"end":{"line":190,"column":72}}],"line":190},"16":{"loc":{"start":{"line":199,"column":21},"end":{"line":199,"column":43}},"type":"binary-expr","locations":[{"start":{"line":199,"column":21},"end":{"line":199,"column":35}},{"start":{"line":199,"column":39},"end":{"line":199,"column":43}}],"line":199},"17":{"loc":{"start":{"line":206,"column":10},"end":{"line":206,"column":78}},"type":"binary-expr","locations":[{"start":{"line":206,"column":11},"end":{"line":206,"column":35}},{"start":{"line":206,"column":40},"end":{"line":206,"column":78}}],"line":206},"18":{"loc":{"start":{"line":215,"column":21},"end":{"line":215,"column":43}},"type":"binary-expr","locations":[{"start":{"line":215,"column":21},"end":{"line":215,"column":35}},{"start":{"line":215,"column":39},"end":{"line":215,"column":43}}],"line":215},"19":{"loc":{"start":{"line":220,"column":22},"end":{"line":220,"column":78}},"type":"binary-expr","locations":[{"start":{"line":220,"column":23},"end":{"line":220,"column":47}},{"start":{"line":220,"column":52},"end":{"line":220,"column":78}}],"line":220},"20":{"loc":{"start":{"line":236,"column":22},"end":{"line":236,"column":67}},"type":"binary-expr","locations":[{"start":{"line":236,"column":23},"end":{"line":236,"column":47}},{"start":{"line":236,"column":52},"end":{"line":236,"column":67}}],"line":236},"21":{"loc":{"start":{"line":244,"column":21},"end":{"line":244,"column":43}},"type":"binary-expr","locations":[{"start":{"line":244,"column":21},"end":{"line":244,"column":35}},{"start":{"line":244,"column":39},"end":{"line":244,"column":43}}],"line":244},"22":{"loc":{"start":{"line":253,"column":10},"end":{"line":253,"column":69}},"type":"binary-expr","locations":[{"start":{"line":253,"column":11},"end":{"line":253,"column":35}},{"start":{"line":253,"column":40},"end":{"line":253,"column":69}}],"line":253}},"s":{"0":2,"1":2,"2":0,"3":0,"4":0,"5":0,"6":0,"7":0,"8":0,"9":0,"10":2,"11":0,"12":0,"13":0,"14":0,"15":0,"16":0,"17":0,"18":0,"19":2,"20":0,"21":0,"22":0,"23":0,"24":0,"25":0,"26":2,"27":0,"28":0,"29":0,"30":0,"31":0,"32":0,"33":2,"34":0,"35":0,"36":0,"37":0,"38":0,"39":0,"40":0,"41":0,"42":2,"43":0,"44":0,"45":0,"46":0,"47":0,"48":0,"49":0,"50":0,"51":0,"52":0,"53":0,"54":2,"55":1,"56":1,"57":1,"58":1,"59":1,"60":2,"61":1,"62":1,"63":1,"64":1,"65":1,"66":1,"67":1,"68":1,"69":1,"70":0,"71":0,"72":0,"73":0,"74":0,"75":0,"76":0,"77":0,"78":0,"79":0,"80":0,"81":0,"82":0,"83":0,"84":0,"85":0,"86":0,"87":0,"88":0,"89":0,"90":0,"91":0,"92":0,"93":0,"94":0,"95":0,"96":0,"97":0,"98":0,"99":0,"100":0,"101":0,"102":0,"103":0,"104":0,"105":0,"106":0,"107":0,"108":0,"109":0,"110":0,"111":0,"112":0,"113":0,"114":0,"115":2},"f":{"0":0,"1":0,"2":0,"3":0,"4":0,"5":0,"6":1,"7":1,"8":1,"9":2,"10":1,"11":1,"12":1,"13":0,"14":0,"15":0,"16":0,"17":0,"18":0,"19":0,"20":0,"21":0,"22":0,"23":0,"24":0,"25":0,"26":0,"27":0},"b":{"0":[0,0],"1":[0,0],"2":[0,0],"3":[0,0],"4":[0,0],"5":[0,0],"6":[0,0],"7":[0,0],"8":[0,0],"9":[0,0],"10":[0,0],"11":[0,0],"12":[1,0],"13":[1,0],"14":[0,0],"15":[0,0],"16":[0,0],"17":[0,0],"18":[0,0],"19":[0,0],"20":[0,0],"21":[0,0],"22":[0,0]},"_coverageSchema":"1a1c01bbd47fc00a2c39e90264f33305004495a9","hash":"8ce223d8bccc4e5971dea342df84152365293b17"}
,"/Users/MikeEnik/dev/stellar-burgers/src/services/slices/constructor-slice.ts": {"path":"/Users/MikeEnik/dev/stellar-burgers/src/services/slices/constructor-slice.ts","statementMap":{"0":{"start":{"line":9,"column":39},"end":{"line":12,"column":1}},"1":{"start":{"line":14,"column":32},"end":{"line":54,"column":2}},"2":{"start":{"line":18,"column":71},"end":{"line":21,"column":5}},"3":{"start":{"line":22,"column":78},"end":{"line":25,"column":5}},"4":{"start":{"line":26,"column":65},"end":{"line":31,"column":5}},"5":{"start":{"line":29,"column":24},"end":{"line":29,"column":56}},"6":{"start":{"line":36,"column":40},"end":{"line":36,"column":54}},"7":{"start":{"line":37,"column":26},"end":{"line":37,"column":49}},"8":{"start":{"line":38,"column":29},"end":{"line":38,"column":45}},"9":{"start":{"line":39,"column":32},"end":{"line":39,"column":57}},"10":{"start":{"line":40,"column":6},"end":{"line":40,"column":42}},"11":{"start":{"line":41,"column":6},"end":{"line":41,"column":62}},"12":{"start":{"line":43,"column":6},"end":{"line":46,"column":8}},"13":{"start":{"line":48,"column":34},"end":{"line":52,"column":5}},"14":{"start":{"line":62,"column":4},"end":{"line":62,"column":28}}},"fnMap":{"0":{"name":"(anonymous_0)","decl":{"start":{"line":18,"column":12},"end":{"line":18,"column":13}},"loc":{"start":{"line":18,"column":71},"end":{"line":21,"column":5}},"line":18},"1":{"name":"(anonymous_1)","decl":{"start":{"line":22,"column":19},"end":{"line":22,"column":20}},"loc":{"start":{"line":22,"column":78},"end":{"line":25,"column":5}},"line":22},"2":{"name":"(anonymous_2)","decl":{"start":{"line":26,"column":22},"end":{"line":26,"column":23}},"loc":{"start":{"line":26,"column":65},"end":{"line":31,"column":5}},"line":26},"3":{"name":"(anonymous_3)","decl":{"start":{"line":29,"column":8},"end":{"line":29,"column":9}},"loc":{"start":{"line":29,"column":24},"end":{"line":29,"column":56}},"line":29},"4":{"name":"(anonymous_4)","decl":{"start":{"line":32,"column":20},"end":{"line":32,"column":21}},"loc":{"start":{"line":35,"column":9},"end":{"line":47,"column":5}},"line":35},"5":{"name":"(anonymous_5)","decl":{"start":{"line":48,"column":22},"end":{"line":48,"column":23}},"loc":{"start":{"line":48,"column":34},"end":{"line":52,"column":5}},"line":48}},"branchMap":{"0":{"loc":{"start":{"line":24,"column":24},"end":{"line":24,"column":47}},"type":"binary-expr","locations":[{"start":{"line":24,"column":24},"end":{"line":24,"column":41}},{"start":{"line":24,"column":45},"end":{"line":24,"column":47}}],"line":24},"1":{"loc":{"start":{"line":28,"column":20},"end":{"line":28,"column":43}},"type":"binary-expr","locations":[{"start":{"line":28,"column":20},"end":{"line":28,"column":37}},{"start":{"line":28,"column":41},"end":{"line":28,"column":43}}],"line":28},"2":{"loc":{"start":{"line":37,"column":26},"end":{"line":37,"column":49}},"type":"binary-expr","locations":[{"start":{"line":37,"column":26},"end":{"line":37,"column":43}},{"start":{"line":37,"column":47},"end":{"line":37,"column":49}}],"line":37}},"s":{"0":2,"1":2,"2":1,"3":1,"4":1,"5":1,"6":1,"7":1,"8":1,"9":1,"10":1,"11":1,"12":1,"13":1,"14":2},"f":{"0":1,"1":1,"2":1,"3":1,"4":1,"5":1},"b":{"0":[1,0],"1":[1,0],"2":[1,0]},"_coverageSchema":"1a1c01bbd47fc00a2c39e90264f33305004495a9","hash":"b9fc728cd23e55674ef96dedbd1b07d3d80b80a5"}
,"/Users/MikeEnik/dev/stellar-burgers/src/services/slices/feed-slice.ts": {"path":"/Users/MikeEnik/dev/stellar-burgers/src/services/slices/feed-slice.ts","statementMap":{"0":{"start":{"line":10,"column":32},"end":{"line":16,"column":1}},"1":{"start":{"line":18,"column":26},"end":{"line":30,"column":1}},"2":{"start":{"line":21,"column":4},"end":{"line":28,"column":5}},"3":{"start":{"line":22,"column":23},"end":{"line":22,"column":42}},"4":{"start":{"line":23,"column":6},"end":{"line":23,"column":65}},"5":{"start":{"line":25,"column":6},"end":{"line":27,"column":8}},"6":{"start":{"line":32,"column":25},"end":{"line":54,"column":2}},"7":{"start":{"line":37,"column":4},"end":{"line":52,"column":9}},"8":{"start":{"line":39,"column":8},"end":{"line":39,"column":31}},"9":{"start":{"line":40,"column":8},"end":{"line":40,"column":27}},"10":{"start":{"line":43,"column":8},"end":{"line":43,"column":52}},"11":{"start":{"line":44,"column":8},"end":{"line":44,"column":49}},"12":{"start":{"line":45,"column":8},"end":{"line":45,"column":59}},"13":{"start":{"line":46,"column":8},"end":{"line":46,"column":32}},"14":{"start":{"line":49,"column":8},"end":{"line":49,"column":32}},"15":{"start":{"line":50,"column":8},"end":{"line":51,"column":72}}},"fnMap":{"0":{"name":"(anonymous_0)","decl":{"start":{"line":20,"column":2},"end":{"line":20,"column":3}},"loc":{"start":{"line":20,"column":36},"end":{"line":29,"column":3}},"line":20},"1":{"name":"(anonymous_1)","decl":{"start":{"line":36,"column":17},"end":{"line":36,"column":18}},"loc":{"start":{"line":36,"column":30},"end":{"line":53,"column":3}},"line":36},"2":{"name":"(anonymous_2)","decl":{"start":{"line":38,"column":35},"end":{"line":38,"column":36}},"loc":{"start":{"line":38,"column":46},"end":{"line":41,"column":7}},"line":38},"3":{"name":"(anonymous_3)","decl":{"start":{"line":42,"column":37},"end":{"line":42,"column":38}},"loc":{"start":{"line":42,"column":56},"end":{"line":47,"column":7}},"line":42},"4":{"name":"(anonymous_4)","decl":{"start":{"line":48,"column":36},"end":{"line":48,"column":37}},"loc":{"start":{"line":48,"column":55},"end":{"line":52,"column":7}},"line":48}},"branchMap":{"0":{"loc":{"start":{"line":23,"column":13},"end":{"line":23,"column":64}},"type":"binary-expr","locations":[{"start":{"line":23,"column":13},"end":{"line":23,"column":21}},{"start":{"line":23,"column":25},"end":{"line":23,"column":64}}],"line":23},"1":{"loc":{"start":{"line":26,"column":8},"end":{"line":26,"column":80}},"type":"cond-expr","locations":[{"start":{"line":26,"column":33},"end":{"line":26,"column":46}},{"start":{"line":26,"column":49},"end":{"line":26,"column":80}}],"line":26},"2":{"loc":{"start":{"line":43,"column":23},"end":{"line":43,"column":51}},"type":"binary-expr","locations":[{"start":{"line":43,"column":23},"end":{"line":43,"column":45}},{"start":{"line":43,"column":49},"end":{"line":43,"column":51}}],"line":43},"3":{"loc":{"start":{"line":44,"column":22},"end":{"line":44,"column":48}},"type":"binary-expr","locations":[{"start":{"line":44,"column":22},"end":{"line":44,"column":43}},{"start":{"line":44,"column":47},"end":{"line":44,"column":48}}],"line":44},"4":{"loc":{"start":{"line":45,"column":27},"end":{"line":45,"column":58}},"type":"binary-expr","locations":[{"start":{"line":45,"column":27},"end":{"line":45,"column":53}},{"start":{"line":45,"column":57},"end":{"line":45,"column":58}}],"line":45},"5":{"loc":{"start":{"line":51,"column":10},"end":{"line":51,"column":71}},"type":"binary-expr","locations":[{"start":{"line":51,"column":11},"end":{"line":51,"column":35}},{"start":{"line":51,"column":40},"end":{"line":51,"column":71}}],"line":51}},"s":{"0":2,"1":2,"2":0,"3":0,"4":0,"5":0,"6":2,"7":2,"8":1,"9":1,"10":1,"11":1,"12":1,"13":1,"14":1,"15":1},"f":{"0":0,"1":2,"2":1,"3":1,"4":1},"b":{"0":[0,0],"1":[0,0],"2":[1,0],"3":[1,0],"4":[1,0],"5":[1,0]},"_coverageSchema":"1a1c01bbd47fc00a2c39e90264f33305004495a9","hash":"bd95cfb60308c454ca9740076bd16a211b7e69f0"}
,"/Users/MikeEnik/dev/stellar-burgers/src/services/slices/ingredients-slice.ts": {"path":"/Users/MikeEnik/dev/stellar-burgers/src/services/slices/ingredients-slice.ts","statementMap":{"0":{"start":{"line":11,"column":39},"end":{"line":15,"column":1}},"1":{"start":{"line":17,"column":32},"end":{"line":29,"column":1}},"2":{"start":{"line":20,"column":4},"end":{"line":27,"column":5}},"3":{"start":{"line":21,"column":23},"end":{"line":21,"column":48}},"4":{"start":{"line":22,"column":6},"end":{"line":22,"column":28}},"5":{"start":{"line":24,"column":6},"end":{"line":26,"column":8}},"6":{"start":{"line":31,"column":32},"end":{"line":56,"column":2}},"7":{"start":{"line":36,"column":6},"end":{"line":36,"column":25}},"8":{"start":{"line":40,"column":4},"end":{"line":54,"column":9}},"9":{"start":{"line":42,"column":8},"end":{"line":42,"column":31}},"10":{"start":{"line":43,"column":8},"end":{"line":43,"column":27}},"11":{"start":{"line":46,"column":8},"end":{"line":46,"column":32}},"12":{"start":{"line":47,"column":8},"end":{"line":47,"column":49}},"13":{"start":{"line":48,"column":8},"end":{"line":48,"column":27}},"14":{"start":{"line":51,"column":8},"end":{"line":51,"column":32}},"15":{"start":{"line":52,"column":8},"end":{"line":53,"column":71}},"16":{"start":{"line":58,"column":30},"end":{"line":58,"column":54}}},"fnMap":{"0":{"name":"(anonymous_0)","decl":{"start":{"line":19,"column":2},"end":{"line":19,"column":3}},"loc":{"start":{"line":19,"column":36},"end":{"line":28,"column":3}},"line":19},"1":{"name":"(anonymous_1)","decl":{"start":{"line":35,"column":16},"end":{"line":35,"column":17}},"loc":{"start":{"line":35,"column":27},"end":{"line":37,"column":5}},"line":35},"2":{"name":"(anonymous_2)","decl":{"start":{"line":39,"column":17},"end":{"line":39,"column":18}},"loc":{"start":{"line":39,"column":30},"end":{"line":55,"column":3}},"line":39},"3":{"name":"(anonymous_3)","decl":{"start":{"line":41,"column":41},"end":{"line":41,"column":42}},"loc":{"start":{"line":41,"column":52},"end":{"line":44,"column":7}},"line":41},"4":{"name":"(anonymous_4)","decl":{"start":{"line":45,"column":43},"end":{"line":45,"column":44}},"loc":{"start":{"line":45,"column":62},"end":{"line":49,"column":7}},"line":45},"5":{"name":"(anonymous_5)","decl":{"start":{"line":50,"column":42},"end":{"line":50,"column":43}},"loc":{"start":{"line":50,"column":61},"end":{"line":54,"column":7}},"line":50}},"branchMap":{"0":{"loc":{"start":{"line":22,"column":13},"end":{"line":22,"column":27}},"type":"binary-expr","locations":[{"start":{"line":22,"column":13},"end":{"line":22,"column":21}},{"start":{"line":22,"column":25},"end":{"line":22,"column":27}}],"line":22},"1":{"loc":{"start":{"line":25,"column":8},"end":{"line":25,"column":79}},"type":"cond-expr","locations":[{"start":{"line":25,"column":33},"end":{"line":25,"column":46}},{"start":{"line":25,"column":49},"end":{"line":25,"column":79}}],"line":25},"2":{"loc":{"start":{"line":47,"column":28},"end":{"line":47,"column":48}},"type":"binary-expr","locations":[{"start":{"line":47,"column":28},"end":{"line":47,"column":42}},{"start":{"line":47,"column":46},"end":{"line":47,"column":48}}],"line":47},"3":{"loc":{"start":{"line":53,"column":10},"end":{"line":53,"column":70}},"type":"binary-expr","locations":[{"start":{"line":53,"column":11},"end":{"line":53,"column":35}},{"start":{"line":53,"column":40},"end":{"line":53,"column":70}}],"line":53}},"s":{"0":2,"1":2,"2":0,"3":0,"4":0,"5":0,"6":2,"7":1,"8":2,"9":1,"10":1,"11":1,"12":1,"13":1,"14":1,"15":1,"16":2},"f":{"0":0,"1":1,"2":2,"3":1,"4":1,"5":1},"b":{"0":[0,0],"1":[0,0],"2":[1,0],"3":[1,0]},"_coverageSchema":"1a1c01bbd47fc00a2c39e90264f33305004495a9","hash":"0ceaf9033c02b1facd731bd46ebdaccc46418ab0"}
,"/Users/MikeEnik/dev/stellar-burgers/src/services/slices/order-slice.ts": {"path":"/Users/MikeEnik/dev/stellar-burgers/src/services/slices/order-slice.ts","statementMap":{"0":{"start":{"line":12,"column":33},"end":{"line":17,"column":1}},"1":{"start":{"line":19,"column":27},"end":{"line":31,"column":1}},"2":{"start":{"line":22,"column":4},"end":{"line":29,"column":5}},"3":{"start":{"line":23,"column":23},"end":{"line":23,"column":56}},"4":{"start":{"line":24,"column":6},"end":{"line":24,"column":36}},"5":{"start":{"line":26,"column":6},"end":{"line":28,"column":8}},"6":{"start":{"line":33,"column":34},"end":{"line":45,"column":1}},"7":{"start":{"line":36,"column":4},"end":{"line":43,"column":5}},"8":{"start":{"line":37,"column":23},"end":{"line":37,"column":56}},"9":{"start":{"line":38,"column":6},"end":{"line":38,"column":42}},"10":{"start":{"line":40,"column":6},"end":{"line":42,"column":8}},"11":{"start":{"line":47,"column":26},"end":{"line":84,"column":2}},"12":{"start":{"line":52,"column":6},"end":{"line":52,"column":34}},"13":{"start":{"line":55,"column":6},"end":{"line":55,"column":25}},"14":{"start":{"line":59,"column":4},"end":{"line":82,"column":9}},"15":{"start":{"line":61,"column":8},"end":{"line":61,"column":34}},"16":{"start":{"line":62,"column":8},"end":{"line":62,"column":27}},"17":{"start":{"line":65,"column":8},"end":{"line":65,"column":35}},"18":{"start":{"line":66,"column":8},"end":{"line":66,"column":54}},"19":{"start":{"line":67,"column":8},"end":{"line":67,"column":27}},"20":{"start":{"line":70,"column":8},"end":{"line":70,"column":35}},"21":{"start":{"line":71,"column":8},"end":{"line":71,"column":77}},"22":{"start":{"line":74,"column":8},"end":{"line":74,"column":27}},"23":{"start":{"line":77,"column":8},"end":{"line":77,"column":52}},"24":{"start":{"line":78,"column":8},"end":{"line":78,"column":27}},"25":{"start":{"line":81,"column":8},"end":{"line":81,"column":77}},"26":{"start":{"line":86,"column":47},"end":{"line":86,"column":65}}},"fnMap":{"0":{"name":"(anonymous_0)","decl":{"start":{"line":21,"column":2},"end":{"line":21,"column":3}},"loc":{"start":{"line":21,"column":56},"end":{"line":30,"column":3}},"line":21},"1":{"name":"(anonymous_1)","decl":{"start":{"line":35,"column":2},"end":{"line":35,"column":3}},"loc":{"start":{"line":35,"column":49},"end":{"line":44,"column":3}},"line":35},"2":{"name":"(anonymous_2)","decl":{"start":{"line":51,"column":21},"end":{"line":51,"column":22}},"loc":{"start":{"line":51,"column":32},"end":{"line":53,"column":5}},"line":51},"3":{"name":"(anonymous_3)","decl":{"start":{"line":54,"column":16},"end":{"line":54,"column":17}},"loc":{"start":{"line":54,"column":27},"end":{"line":56,"column":5}},"line":54},"4":{"name":"(anonymous_4)","decl":{"start":{"line":58,"column":17},"end":{"line":58,"column":18}},"loc":{"start":{"line":58,"column":30},"end":{"line":83,"column":3}},"line":58},"5":{"name":"(anonymous_5)","decl":{"start":{"line":60,"column":36},"end":{"line":60,"column":37}},"loc":{"start":{"line":60,"column":47},"end":{"line":63,"column":7}},"line":60},"6":{"name":"(anonymous_6)","decl":{"start":{"line":64,"column":38},"end":{"line":64,"column":39}},"loc":{"start":{"line":64,"column":57},"end":{"line":68,"column":7}},"line":64},"7":{"name":"(anonymous_7)","decl":{"start":{"line":69,"column":37},"end":{"line":69,"column":38}},"loc":{"start":{"line":69,"column":56},"end":{"line":72,"column":7}},"line":69},"8":{"name":"(anonymous_8)","decl":{"start":{"line":73,"column":43},"end":{"line":73,"column":44}},"loc":{"start":{"line":73,"column":54},"end":{"line":75,"column":7}},"line":73},"9":{"name":"(anonymous_9)","decl":{"start":{"line":76,"column":45},"end":{"line":76,"column":46}},"loc":{"start":{"line":76,"column":64},"end":{"line":79,"column":7}},"line":76},"10":{"name":"(anonymous_10)","decl":{"start":{"line":80,"column":44},"end":{"line":80,"column":45}},"loc":{"start":{"line":80,"column":63},"end":{"line":82,"column":7}},"line":80}},"branchMap":{"0":{"loc":{"start":{"line":24,"column":13},"end":{"line":24,"column":35}},"type":"binary-expr","locations":[{"start":{"line":24,"column":13},"end":{"line":24,"column":27}},{"start":{"line":24,"column":31},"end":{"line":24,"column":35}}],"line":24},"1":{"loc":{"start":{"line":27,"column":8},"end":{"line":27,"column":73}},"type":"cond-expr","locations":[{"start":{"line":27,"column":33},"end":{"line":27,"column":46}},{"start":{"line":27,"column":49},"end":{"line":27,"column":73}}],"line":27},"2":{"loc":{"start":{"line":38,"column":13},"end":{"line":38,"column":41}},"type":"binary-expr","locations":[{"start":{"line":38,"column":13},"end":{"line":38,"column":33}},{"start":{"line":38,"column":37},"end":{"line":38,"column":41}}],"line":38},"3":{"loc":{"start":{"line":41,"column":8},"end":{"line":41,"column":73}},"type":"cond-expr","locations":[{"start":{"line":41,"column":33},"end":{"line":41,"column":46}},{"start":{"line":41,"column":49},"end":{"line":41,"column":73}}],"line":41},"4":{"loc":{"start":{"line":66,"column":31},"end":{"line":66,"column":53}},"type":"binary-expr","locations":[{"start":{"line":66,"column":31},"end":{"line":66,"column":45}},{"start":{"line":66,"column":49},"end":{"line":66,"column":53}}],"line":66},"5":{"loc":{"start":{"line":71,"column":22},"end":{"line":71,"column":76}},"type":"binary-expr","locations":[{"start":{"line":71,"column":23},"end":{"line":71,"column":47}},{"start":{"line":71,"column":52},"end":{"line":71,"column":76}}],"line":71},"6":{"loc":{"start":{"line":77,"column":29},"end":{"line":77,"column":51}},"type":"binary-expr","locations":[{"start":{"line":77,"column":29},"end":{"line":77,"column":43}},{"start":{"line":77,"column":47},"end":{"line":77,"column":51}}],"line":77},"7":{"loc":{"start":{"line":81,"column":22},"end":{"line":81,"column":76}},"type":"binary-expr","locations":[{"start":{"line":81,"column":23},"end":{"line":81,"column":47}},{"start":{"line":81,"column":52},"end":{"line":81,"column":76}}],"line":81}},"s":{"0":2,"1":2,"2":0,"3":0,"4":0,"5":0,"6":2,"7":0,"8":0,"9":0,"10":0,"11":2,"12":1,"13":1,"14":2,"15":1,"16":1,"17":1,"18":1,"19":1,"20":1,"21":1,"22":0,"23":1,"24":1,"25":0,"26":2},"f":{"0":0,"1":0,"2":1,"3":1,"4":2,"5":1,"6":1,"7":1,"8":0,"9":1,"10":0},"b":{"0":[0,0],"1":[0,0],"2":[0,0],"3":[0,0],"4":[1,0],"5":[1,0],"6":[1,0],"7":[0,0]},"_coverageSchema":"1a1c01bbd47fc00a2c39e90264f33305004495a9","hash":"cab0b49feaa0cb4d65f1125af7958043feaeb469"}
,"/Users/MikeEnik/dev/stellar-burgers/src/services/slices/user-orders-slice.ts": {"path":"/Users/MikeEnik/dev/stellar-burgers/src/services/slices/user-orders-slice.ts","statementMap":{"0":{"start":{"line":11,"column":38},"end":{"line":15,"column":1}},"1":{"start":{"line":17,"column":31},"end":{"line":29,"column":1}},"2":{"start":{"line":20,"column":4},"end":{"line":27,"column":5}},"3":{"start":{"line":21,"column":23},"end":{"line":21,"column":43}},"4":{"start":{"line":22,"column":6},"end":{"line":22,"column":28}},"5":{"start":{"line":24,"column":6},"end":{"line":26,"column":8}},"6":{"start":{"line":31,"column":31},"end":{"line":55,"column":2}},"7":{"start":{"line":36,"column":6},"end":{"line":36,"column":25}},"8":{"start":{"line":40,"column":4},"end":{"line":53,"column":9}},"9":{"start":{"line":42,"column":8},"end":{"line":42,"column":31}},"10":{"start":{"line":43,"column":8},"end":{"line":43,"column":27}},"11":{"start":{"line":46,"column":8},"end":{"line":46,"column":32}},"12":{"start":{"line":47,"column":8},"end":{"line":47,"column":38}},"13":{"start":{"line":48,"column":8},"end":{"line":48,"column":27}},"14":{"start":{"line":51,"column":8},"end":{"line":51,"column":32}},"15":{"start":{"line":52,"column":8},"end":{"line":52,"column":78}},"16":{"start":{"line":57,"column":30},"end":{"line":57,"column":53}}},"fnMap":{"0":{"name":"(anonymous_0)","decl":{"start":{"line":19,"column":2},"end":{"line":19,"column":3}},"loc":{"start":{"line":19,"column":36},"end":{"line":28,"column":3}},"line":19},"1":{"name":"(anonymous_1)","decl":{"start":{"line":35,"column":16},"end":{"line":35,"column":17}},"loc":{"start":{"line":35,"column":27},"end":{"line":37,"column":5}},"line":35},"2":{"name":"(anonymous_2)","decl":{"start":{"line":39,"column":17},"end":{"line":39,"column":18}},"loc":{"start":{"line":39,"column":30},"end":{"line":54,"column":3}},"line":39},"3":{"name":"(anonymous_3)","decl":{"start":{"line":41,"column":40},"end":{"line":41,"column":41}},"loc":{"start":{"line":41,"column":51},"end":{"line":44,"column":7}},"line":41},"4":{"name":"(anonymous_4)","decl":{"start":{"line":45,"column":42},"end":{"line":45,"column":43}},"loc":{"start":{"line":45,"column":61},"end":{"line":49,"column":7}},"line":45},"5":{"name":"(anonymous_5)","decl":{"start":{"line":50,"column":41},"end":{"line":50,"column":42}},"loc":{"start":{"line":50,"column":60},"end":{"line":53,"column":7}},"line":50}},"branchMap":{"0":{"loc":{"start":{"line":22,"column":13},"end":{"line":22,"column":27}},"type":"binary-expr","locations":[{"start":{"line":22,"column":13},"end":{"line":22,"column":21}},{"start":{"line":22,"column":25},"end":{"line":22,"column":27}}],"line":22},"1":{"loc":{"start":{"line":25,"column":8},"end":{"line":25,"column":74}},"type":"cond-expr","locations":[{"start":{"line":25,"column":33},"end":{"line":25,"column":46}},{"start":{"line":25,"column":49},"end":{"line":25,"column":74}}],"line":25},"2":{"loc":{"start":{"line":52,"column":22},"end":{"line":52,"column":77}},"type":"binary-expr","locations":[{"start":{"line":52,"column":23},"end":{"line":52,"column":47}},{"start":{"line":52,"column":52},"end":{"line":52,"column":77}}],"line":52}},"s":{"0":2,"1":2,"2":0,"3":0,"4":0,"5":0,"6":2,"7":1,"8":2,"9":1,"10":1,"11":1,"12":1,"13":1,"14":1,"15":1,"16":2},"f":{"0":0,"1":1,"2":2,"3":1,"4":1,"5":1},"b":{"0":[0,0],"1":[0,0],"2":[1,0]},"_coverageSchema":"1a1c01bbd47fc00a2c39e90264f33305004495a9","hash":"7d92ea6f5367a8a4edc7a0422bcea81ad52a057f"}
,"/Users/MikeEnik/dev/stellar-burgers/src/utils/burger-api.ts": {"path":"/Users/MikeEnik/dev/stellar-burgers/src/utils/burger-api.ts","statementMap":{"0":{"start":{"line":5,"column":2},"end":{"line":5,"column":71}},"1":{"start":{"line":7,"column":22},"end":{"line":8,"column":69}},"2":{"start":{"line":8,"column":2},"end":{"line":8,"column":69}},"3":{"start":{"line":8,"column":49},"end":{"line":8,"column":68}},"4":{"start":{"line":19,"column":28},"end":{"line":37,"column":6}},"5":{"start":{"line":20,"column":2},"end":{"line":37,"column":6}},"6":{"start":{"line":29,"column":19},"end":{"line":29,"column":55}},"7":{"start":{"line":31,"column":6},"end":{"line":33,"column":7}},"8":{"start":{"line":32,"column":8},"end":{"line":32,"column":43}},"9":{"start":{"line":34,"column":6},"end":{"line":34,"column":69}},"10":{"start":{"line":35,"column":6},"end":{"line":35,"column":56}},"11":{"start":{"line":36,"column":6},"end":{"line":36,"column":25}},"12":{"start":{"line":39,"column":32},"end":{"line":65,"column":1}},"13":{"start":{"line":43,"column":2},"end":{"line":64,"column":3}},"14":{"start":{"line":44,"column":16},"end":{"line":44,"column":41}},"15":{"start":{"line":45,"column":4},"end":{"line":45,"column":39}},"16":{"start":{"line":47,"column":4},"end":{"line":63,"column":5}},"17":{"start":{"line":48,"column":6},"end":{"line":60,"column":7}},"18":{"start":{"line":49,"column":28},"end":{"line":49,"column":48}},"19":{"start":{"line":50,"column":8},"end":{"line":53,"column":9}},"20":{"start":{"line":51,"column":10},"end":{"line":52,"column":36}},"21":{"start":{"line":54,"column":20},"end":{"line":54,"column":45}},"22":{"start":{"line":55,"column":8},"end":{"line":55,"column":43}},"23":{"start":{"line":57,"column":8},"end":{"line":57,"column":36}},"24":{"start":{"line":58,"column":8},"end":{"line":58,"column":48}},"25":{"start":{"line":59,"column":8},"end":{"line":59,"column":42}},"26":{"start":{"line":62,"column":6},"end":{"line":62,"column":33}},"27":{"start":{"line":81,"column":47},"end":{"line":121,"column":1}},"28":{"start":{"line":123,"column":33},"end":{"line":138,"column":6}},"29":{"start":{"line":124,"column":2},"end":{"line":138,"column":6}},"30":{"start":{"line":125,"column":19},"end":{"line":125,"column":59}},"31":{"start":{"line":127,"column":6},"end":{"line":127,"column":42}},"32":{"start":{"line":127,"column":25},"end":{"line":127,"column":42}},"33":{"start":{"line":128,"column":6},"end":{"line":128,"column":34}},"34":{"start":{"line":131,"column":6},"end":{"line":136,"column":7}},"35":{"start":{"line":135,"column":8},"end":{"line":135,"column":39}},"36":{"start":{"line":137,"column":6},"end":{"line":137,"column":18}},"37":{"start":{"line":140,"column":42},"end":{"line":173,"column":1}},"38":{"start":{"line":175,"column":27},"end":{"line":206,"column":6}},"39":{"start":{"line":176,"column":2},"end":{"line":206,"column":6}},"40":{"start":{"line":178,"column":6},"end":{"line":188,"column":7}},"41":{"start":{"line":179,"column":8},"end":{"line":181,"column":9}},"42":{"start":{"line":180,"column":10},"end":{"line":180,"column":71}},"43":{"start":{"line":182,"column":8},"end":{"line":186,"column":9}},"44":{"start":{"line":183,"column":10},"end":{"line":185,"column":12}},"45":{"start":{"line":187,"column":8},"end":{"line":187,"column":57}},"46":{"start":{"line":189,"column":6},"end":{"line":189,"column":48}},"47":{"start":{"line":192,"column":6},"end":{"line":192,"column":37}},"48":{"start":{"line":192,"column":25},"end":{"line":192,"column":37}},"49":{"start":{"line":193,"column":6},"end":{"line":193,"column":34}},"50":{"start":{"line":196,"column":6},"end":{"line":201,"column":7}},"51":{"start":{"line":200,"column":8},"end":{"line":200,"column":33}},"52":{"start":{"line":202,"column":6},"end":{"line":204,"column":7}},"53":{"start":{"line":203,"column":8},"end":{"line":203,"column":33}},"54":{"start":{"line":205,"column":6},"end":{"line":205,"column":18}},"55":{"start":{"line":208,"column":28},"end":{"line":218,"column":4}},"56":{"start":{"line":209,"column":2},"end":{"line":218,"column":4}},"57":{"start":{"line":216,"column":4},"end":{"line":216,"column":42}},"58":{"start":{"line":216,"column":23},"end":{"line":216,"column":42}},"59":{"start":{"line":217,"column":4},"end":{"line":217,"column":32}},"60":{"start":{"line":225,"column":30},"end":{"line":238,"column":4}},"61":{"start":{"line":226,"column":2},"end":{"line":238,"column":4}},"62":{"start":{"line":236,"column":4},"end":{"line":236,"column":35}},"63":{"start":{"line":236,"column":23},"end":{"line":236,"column":35}},"64":{"start":{"line":237,"column":4},"end":{"line":237,"column":32}},"65":{"start":{"line":244,"column":35},"end":{"line":300,"column":1}},"66":{"start":{"line":245,"column":44},"end":{"line":262,"column":3}},"67":{"start":{"line":264,"column":2},"end":{"line":299,"column":7}},"68":{"start":{"line":271,"column":6},"end":{"line":281,"column":7}},"69":{"start":{"line":272,"column":8},"end":{"line":274,"column":9}},"70":{"start":{"line":273,"column":10},"end":{"line":273,"column":71}},"71":{"start":{"line":275,"column":8},"end":{"line":279,"column":9}},"72":{"start":{"line":276,"column":10},"end":{"line":278,"column":12}},"73":{"start":{"line":280,"column":8},"end":{"line":280,"column":57}},"74":{"start":{"line":282,"column":6},"end":{"line":282,"column":48}},"75":{"start":{"line":285,"column":6},"end":{"line":285,"column":37}},"76":{"start":{"line":285,"column":25},"end":{"line":285,"column":37}},"77":{"start":{"line":286,"column":6},"end":{"line":286,"column":34}},"78":{"start":{"line":289,"column":6},"end":{"line":294,"column":7}},"79":{"start":{"line":293,"column":8},"end":{"line":293,"column":33}},"80":{"start":{"line":295,"column":6},"end":{"line":297,"column":7}},"81":{"start":{"line":296,"column":8},"end":{"line":296,"column":33}},"82":{"start":{"line":298,"column":6},"end":{"line":298,"column":18}},"83":{"start":{"line":314,"column":31},"end":{"line":326,"column":6}},"84":{"start":{"line":315,"column":2},"end":{"line":326,"column":6}},"85":{"start":{"line":322,"column":19},"end":{"line":322,"column":52}},"86":{"start":{"line":324,"column":6},"end":{"line":324,"column":37}},"87":{"start":{"line":324,"column":25},"end":{"line":324,"column":37}},"88":{"start":{"line":325,"column":6},"end":{"line":325,"column":34}},"89":{"start":{"line":333,"column":28},"end":{"line":345,"column":6}},"90":{"start":{"line":334,"column":2},"end":{"line":345,"column":6}},"91":{"start":{"line":341,"column":19},"end":{"line":341,"column":52}},"92":{"start":{"line":343,"column":6},"end":{"line":343,"column":37}},"93":{"start":{"line":343,"column":25},"end":{"line":343,"column":37}},"94":{"start":{"line":344,"column":6},"end":{"line":344,"column":34}},"95":{"start":{"line":347,"column":33},"end":{"line":359,"column":6}},"96":{"start":{"line":348,"column":2},"end":{"line":359,"column":6}},"97":{"start":{"line":355,"column":19},"end":{"line":355,"column":58}},"98":{"start":{"line":357,"column":6},"end":{"line":357,"column":37}},"99":{"start":{"line":357,"column":25},"end":{"line":357,"column":37}},"100":{"start":{"line":358,"column":6},"end":{"line":358,"column":34}},"101":{"start":{"line":361,"column":32},"end":{"line":373,"column":6}},"102":{"start":{"line":362,"column":2},"end":{"line":373,"column":6}},"103":{"start":{"line":369,"column":19},"end":{"line":369,"column":58}},"104":{"start":{"line":371,"column":6},"end":{"line":371,"column":37}},"105":{"start":{"line":371,"column":25},"end":{"line":371,"column":37}},"106":{"start":{"line":372,"column":6},"end":{"line":372,"column":34}},"107":{"start":{"line":377,"column":26},"end":{"line":382,"column":4}},"108":{"start":{"line":378,"column":2},"end":{"line":382,"column":4}},"109":{"start":{"line":384,"column":29},"end":{"line":392,"column":4}},"110":{"start":{"line":385,"column":2},"end":{"line":392,"column":4}},"111":{"start":{"line":394,"column":25},"end":{"line":403,"column":59}},"112":{"start":{"line":395,"column":2},"end":{"line":403,"column":59}},"113":{"start":{"line":403,"column":19},"end":{"line":403,"column":58}}},"fnMap":{"0":{"name":"(anonymous_0)","decl":{"start":{"line":7,"column":22},"end":{"line":7,"column":23}},"loc":{"start":{"line":8,"column":2},"end":{"line":8,"column":69}},"line":8},"1":{"name":"(anonymous_1)","decl":{"start":{"line":8,"column":40},"end":{"line":8,"column":41}},"loc":{"start":{"line":8,"column":49},"end":{"line":8,"column":68}},"line":8},"2":{"name":"(anonymous_2)","decl":{"start":{"line":19,"column":28},"end":{"line":19,"column":29}},"loc":{"start":{"line":20,"column":2},"end":{"line":37,"column":6}},"line":20},"3":{"name":"(anonymous_3)","decl":{"start":{"line":29,"column":10},"end":{"line":29,"column":11}},"loc":{"start":{"line":29,"column":19},"end":{"line":29,"column":55}},"line":29},"4":{"name":"(anonymous_4)","decl":{"start":{"line":30,"column":10},"end":{"line":30,"column":11}},"loc":{"start":{"line":30,"column":27},"end":{"line":37,"column":5}},"line":30},"5":{"name":"(anonymous_5)","decl":{"start":{"line":39,"column":32},"end":{"line":39,"column":33}},"loc":{"start":{"line":42,"column":5},"end":{"line":65,"column":1}},"line":42},"6":{"name":"(anonymous_6)","decl":{"start":{"line":123,"column":33},"end":{"line":123,"column":34}},"loc":{"start":{"line":124,"column":2},"end":{"line":138,"column":6}},"line":124},"7":{"name":"(anonymous_7)","decl":{"start":{"line":125,"column":10},"end":{"line":125,"column":11}},"loc":{"start":{"line":125,"column":19},"end":{"line":125,"column":59}},"line":125},"8":{"name":"(anonymous_8)","decl":{"start":{"line":126,"column":10},"end":{"line":126,"column":11}},"loc":{"start":{"line":126,"column":20},"end":{"line":129,"column":5}},"line":126},"9":{"name":"(anonymous_9)","decl":{"start":{"line":130,"column":11},"end":{"line":130,"column":12}},"loc":{"start":{"line":130,"column":22},"end":{"line":138,"column":5}},"line":130},"10":{"name":"(anonymous_10)","decl":{"start":{"line":175,"column":27},"end":{"line":175,"column":28}},"loc":{"start":{"line":176,"column":2},"end":{"line":206,"column":6}},"line":176},"11":{"name":"(anonymous_11)","decl":{"start":{"line":177,"column":10},"end":{"line":177,"column":11}},"loc":{"start":{"line":177,"column":19},"end":{"line":190,"column":5}},"line":177},"12":{"name":"(anonymous_12)","decl":{"start":{"line":191,"column":10},"end":{"line":191,"column":11}},"loc":{"start":{"line":191,"column":20},"end":{"line":194,"column":5}},"line":191},"13":{"name":"(anonymous_13)","decl":{"start":{"line":195,"column":11},"end":{"line":195,"column":12}},"loc":{"start":{"line":195,"column":22},"end":{"line":206,"column":5}},"line":195},"14":{"name":"(anonymous_14)","decl":{"start":{"line":208,"column":28},"end":{"line":208,"column":29}},"loc":{"start":{"line":209,"column":2},"end":{"line":218,"column":4}},"line":209},"15":{"name":"(anonymous_15)","decl":{"start":{"line":215,"column":10},"end":{"line":215,"column":11}},"loc":{"start":{"line":215,"column":20},"end":{"line":218,"column":3}},"line":215},"16":{"name":"(anonymous_16)","decl":{"start":{"line":225,"column":30},"end":{"line":225,"column":31}},"loc":{"start":{"line":226,"column":2},"end":{"line":238,"column":4}},"line":226},"17":{"name":"(anonymous_17)","decl":{"start":{"line":235,"column":10},"end":{"line":235,"column":11}},"loc":{"start":{"line":235,"column":20},"end":{"line":238,"column":3}},"line":235},"18":{"name":"(anonymous_18)","decl":{"start":{"line":244,"column":35},"end":{"line":244,"column":36}},"loc":{"start":{"line":244,"column":55},"end":{"line":300,"column":1}},"line":244},"19":{"name":"(anonymous_19)","decl":{"start":{"line":270,"column":10},"end":{"line":270,"column":11}},"loc":{"start":{"line":270,"column":19},"end":{"line":283,"column":5}},"line":270},"20":{"name":"(anonymous_20)","decl":{"start":{"line":284,"column":10},"end":{"line":284,"column":11}},"loc":{"start":{"line":284,"column":20},"end":{"line":287,"column":5}},"line":284},"21":{"name":"(anonymous_21)","decl":{"start":{"line":288,"column":11},"end":{"line":288,"column":12}},"loc":{"start":{"line":288,"column":22},"end":{"line":299,"column":5}},"line":288},"22":{"name":"(anonymous_22)","decl":{"start":{"line":314,"column":31},"end":{"line":314,"column":32}},"loc":{"start":{"line":315,"column":2},"end":{"line":326,"column":6}},"line":315},"23":{"name":"(anonymous_23)","decl":{"start":{"line":322,"column":10},"end":{"line":322,"column":11}},"loc":{"start":{"line":322,"column":19},"end":{"line":322,"column":52}},"line":322},"24":{"name":"(anonymous_24)","decl":{"start":{"line":323,"column":10},"end":{"line":323,"column":11}},"loc":{"start":{"line":323,"column":20},"end":{"line":326,"column":5}},"line":323},"25":{"name":"(anonymous_25)","decl":{"start":{"line":333,"column":28},"end":{"line":333,"column":29}},"loc":{"start":{"line":334,"column":2},"end":{"line":345,"column":6}},"line":334},"26":{"name":"(anonymous_26)","decl":{"start":{"line":341,"column":10},"end":{"line":341,"column":11}},"loc":{"start":{"line":341,"column":19},"end":{"line":341,"column":52}},"line":341},"27":{"name":"(anonymous_27)","decl":{"start":{"line":342,"column":10},"end":{"line":342,"column":11}},"loc":{"start":{"line":342,"column":20},"end":{"line":345,"column":5}},"line":342},"28":{"name":"(anonymous_28)","decl":{"start":{"line":347,"column":33},"end":{"line":347,"column":34}},"loc":{"start":{"line":348,"column":2},"end":{"line":359,"column":6}},"line":348},"29":{"name":"(anonymous_29)","decl":{"start":{"line":355,"column":10},"end":{"line":355,"column":11}},"loc":{"start":{"line":355,"column":19},"end":{"line":355,"column":58}},"line":355},"30":{"name":"(anonymous_30)","decl":{"start":{"line":356,"column":10},"end":{"line":356,"column":11}},"loc":{"start":{"line":356,"column":20},"end":{"line":359,"column":5}},"line":356},"31":{"name":"(anonymous_31)","decl":{"start":{"line":361,"column":32},"end":{"line":361,"column":33}},"loc":{"start":{"line":362,"column":2},"end":{"line":373,"column":6}},"line":362},"32":{"name":"(anonymous_32)","decl":{"start":{"line":369,"column":10},"end":{"line":369,"column":11}},"loc":{"start":{"line":369,"column":19},"end":{"line":369,"column":58}},"line":369},"33":{"name":"(anonymous_33)","decl":{"start":{"line":370,"column":10},"end":{"line":370,"column":11}},"loc":{"start":{"line":370,"column":20},"end":{"line":373,"column":5}},"line":370},"34":{"name":"(anonymous_34)","decl":{"start":{"line":377,"column":26},"end":{"line":377,"column":27}},"loc":{"start":{"line":378,"column":2},"end":{"line":382,"column":4}},"line":378},"35":{"name":"(anonymous_35)","decl":{"start":{"line":384,"column":29},"end":{"line":384,"column":30}},"loc":{"start":{"line":385,"column":2},"end":{"line":392,"column":4}},"line":385},"36":{"name":"(anonymous_36)","decl":{"start":{"line":394,"column":25},"end":{"line":394,"column":26}},"loc":{"start":{"line":395,"column":2},"end":{"line":403,"column":59}},"line":395},"37":{"name":"(anonymous_37)","decl":{"start":{"line":403,"column":10},"end":{"line":403,"column":11}},"loc":{"start":{"line":403,"column":19},"end":{"line":403,"column":58}},"line":403}},"branchMap":{"0":{"loc":{"start":{"line":5,"column":2},"end":{"line":5,"column":71}},"type":"binary-expr","locations":[{"start":{"line":5,"column":2},"end":{"line":5,"column":28}},{"start":{"line":5,"column":32},"end":{"line":5,"column":71}}],"line":5},"1":{"loc":{"start":{"line":8,"column":2},"end":{"line":8,"column":69}},"type":"cond-expr","locations":[{"start":{"line":8,"column":11},"end":{"line":8,"column":21}},{"start":{"line":8,"column":24},"end":{"line":8,"column":69}}],"line":8},"2":{"loc":{"start":{"line":31,"column":6},"end":{"line":33,"column":7}},"type":"if","locations":[{"start":{"line":31,"column":6},"end":{"line":33,"column":7}},{"start":{},"end":{}}],"line":31},"3":{"loc":{"start":{"line":47,"column":4},"end":{"line":63,"column":5}},"type":"if","locations":[{"start":{"line":47,"column":4},"end":{"line":63,"column":5}},{"start":{"line":61,"column":11},"end":{"line":63,"column":5}}],"line":47},"4":{"loc":{"start":{"line":50,"column":8},"end":{"line":53,"column":9}},"type":"if","locations":[{"start":{"line":50,"column":8},"end":{"line":53,"column":9}},{"start":{},"end":{}}],"line":50},"5":{"loc":{"start":{"line":127,"column":6},"end":{"line":127,"column":42}},"type":"if","locations":[{"start":{"line":127,"column":6},"end":{"line":127,"column":42}},{"start":{},"end":{}}],"line":127},"6":{"loc":{"start":{"line":131,"column":6},"end":{"line":136,"column":7}},"type":"if","locations":[{"start":{"line":131,"column":6},"end":{"line":136,"column":7}},{"start":{},"end":{}}],"line":131},"7":{"loc":{"start":{"line":132,"column":8},"end":{"line":133,"column":75}},"type":"binary-expr","locations":[{"start":{"line":132,"column":8},"end":{"line":132,"column":34}},{"start":{"line":133,"column":9},"end":{"line":133,"column":40}},{"start":{"line":133,"column":44},"end":{"line":133,"column":74}}],"line":132},"8":{"loc":{"start":{"line":178,"column":6},"end":{"line":188,"column":7}},"type":"if","locations":[{"start":{"line":178,"column":6},"end":{"line":188,"column":7}},{"start":{},"end":{}}],"line":178},"9":{"loc":{"start":{"line":179,"column":8},"end":{"line":181,"column":9}},"type":"if","locations":[{"start":{"line":179,"column":8},"end":{"line":181,"column":9}},{"start":{},"end":{}}],"line":179},"10":{"loc":{"start":{"line":182,"column":8},"end":{"line":186,"column":9}},"type":"if","locations":[{"start":{"line":182,"column":8},"end":{"line":186,"column":9}},{"start":{},"end":{}}],"line":182},"11":{"loc":{"start":{"line":182,"column":12},"end":{"line":182,"column":49}},"type":"binary-expr","locations":[{"start":{"line":182,"column":12},"end":{"line":182,"column":28}},{"start":{"line":182,"column":32},"end":{"line":182,"column":49}}],"line":182},"12":{"loc":{"start":{"line":192,"column":6},"end":{"line":192,"column":37}},"type":"if","locations":[{"start":{"line":192,"column":6},"end":{"line":192,"column":37}},{"start":{},"end":{}}],"line":192},"13":{"loc":{"start":{"line":196,"column":6},"end":{"line":201,"column":7}},"type":"if","locations":[{"start":{"line":196,"column":6},"end":{"line":201,"column":7}},{"start":{},"end":{}}],"line":196},"14":{"loc":{"start":{"line":197,"column":8},"end":{"line":198,"column":75}},"type":"binary-expr","locations":[{"start":{"line":197,"column":8},"end":{"line":197,"column":34}},{"start":{"line":198,"column":9},"end":{"line":198,"column":40}},{"start":{"line":198,"column":44},"end":{"line":198,"column":74}}],"line":197},"15":{"loc":{"start":{"line":202,"column":6},"end":{"line":204,"column":7}},"type":"if","locations":[{"start":{"line":202,"column":6},"end":{"line":204,"column":7}},{"start":{},"end":{}}],"line":202},"16":{"loc":{"start":{"line":216,"column":4},"end":{"line":216,"column":42}},"type":"if","locations":[{"start":{"line":216,"column":4},"end":{"line":216,"column":42}},{"start":{},"end":{}}],"line":216},"17":{"loc":{"start":{"line":236,"column":4},"end":{"line":236,"column":35}},"type":"if","locations":[{"start":{"line":236,"column":4},"end":{"line":236,"column":35}},{"start":{},"end":{}}],"line":236},"18":{"loc":{"start":{"line":271,"column":6},"end":{"line":281,"column":7}},"type":"if","locations":[{"start":{"line":271,"column":6},"end":{"line":281,"column":7}},{"start":{},"end":{}}],"line":271},"19":{"loc":{"start":{"line":272,"column":8},"end":{"line":274,"column":9}},"type":"if","locations":[{"start":{"line":272,"column":8},"end":{"line":274,"column":9}},{"start":{},"end":{}}],"line":272},"20":{"loc":{"start":{"line":275,"column":8},"end":{"line":279,"column":9}},"type":"if","locations":[{"start":{"line":275,"column":8},"end":{"line":279,"column":9}},{"start":{},"end":{}}],"line":275},"21":{"loc":{"start":{"line":275,"column":12},"end":{"line":275,"column":49}},"type":"binary-expr","locations":[{"start":{"line":275,"column":12},"end":{"line":275,"column":28}},{"start":{"line":275,"column":32},"end":{"line":275,"column":49}}],"line":275},"22":{"loc":{"start":{"line":285,"column":6},"end":{"line":285,"column":37}},"type":"if","locations":[{"start":{"line":285,"column":6},"end":{"line":285,"column":37}},{"start":{},"end":{}}],"line":285},"23":{"loc":{"start":{"line":289,"column":6},"end":{"line":294,"column":7}},"type":"if","locations":[{"start":{"line":289,"column":6},"end":{"line":294,"column":7}},{"start":{},"end":{}}],"line":289},"24":{"loc":{"start":{"line":290,"column":8},"end":{"line":291,"column":75}},"type":"binary-expr","locations":[{"start":{"line":290,"column":8},"end":{"line":290,"column":34}},{"start":{"line":291,"column":9},"end":{"line":291,"column":40}},{"start":{"line":291,"column":44},"end":{"line":291,"column":74}}],"line":290},"25":{"loc":{"start":{"line":295,"column":6},"end":{"line":297,"column":7}},"type":"if","locations":[{"start":{"line":295,"column":6},"end":{"line":297,"column":7}},{"start":{},"end":{}}],"line":295},"26":{"loc":{"start":{"line":324,"column":6},"end":{"line":324,"column":37}},"type":"if","locations":[{"start":{"line":324,"column":6},"end":{"line":324,"column":37}},{"start":{},"end":{}}],"line":324},"27":{"loc":{"start":{"line":343,"column":6},"end":{"line":343,"column":37}},"type":"if","locations":[{"start":{"line":343,"column":6},"end":{"line":343,"column":37}},{"start":{},"end":{}}],"line":343},"28":{"loc":{"start":{"line":357,"column":6},"end":{"line":357,"column":37}},"type":"if","locations":[{"start":{"line":357,"column":6},"end":{"line":357,"column":37}},{"start":{},"end":{}}],"line":357},"29":{"loc":{"start":{"line":371,"column":6},"end":{"line":371,"column":37}},"type":"if","locations":[{"start":{"line":371,"column":6},"end":{"line":371,"column":37}},{"start":{},"end":{}}],"line":371}},"s":{"0":6,"1":6,"2":0,"3":0,"4":6,"5":0,"6":0,"7":0,"8":0,"9":0,"10":0,"11":0,"12":6,"13":0,"14":0,"15":0,"16":0,"17":0,"18":0,"19":0,"20":0,"21":0,"22":0,"23":0,"24":0,"25":0,"26":0,"27":6,"28":6,"29":0,"30":0,"31":0,"32":0,"33":0,"34":0,"35":0,"36":0,"37":6,"38":6,"39":0,"40":0,"41":0,"42":0,"43":0,"44":0,"45":0,"46":0,"47":0,"48":0,"49":0,"50":0,"51":0,"52":0,"53":0,"54":0,"55":6,"56":0,"57":0,"58":0,"59":0,"60":6,"61":0,"62":0,"63":0,"64":0,"65":6,"66":0,"67":0,"68":0,"69":0,"70":0,"71":0,"72":0,"73":0,"74":0,"75":0,"76":0,"77":0,"78":0,"79":0,"80":0,"81":0,"82":0,"83":6,"84":0,"85":0,"86":0,"87":0,"88":0,"89":6,"90":0,"91":0,"92":0,"93":0,"94":0,"95":6,"96":0,"97":0,"98":0,"99":0,"100":0,"101":6,"102":0,"103":0,"104":0,"105":0,"106":0,"107":6,"108":0,"109":6,"110":0,"111":6,"112":0,"113":0},"f":{"0":0,"1":0,"2":0,"3":0,"4":0,"5":0,"6":0,"7":0,"8":0,"9":0,"10":0,"11":0,"12":0,"13":0,"14":0,"15":0,"16":0,"17":0,"18":0,"19":0,"20":0,"21":0,"22":0,"23":0,"24":0,"25":0,"26":0,"27":0,"28":0,"29":0,"30":0,"31":0,"32":0,"33":0,"34":0,"35":0,"36":0,"37":0},"b":{"0":[6,6],"1":[0,0],"2":[0,0],"3":[0,0],"4":[0,0],"5":[0,0],"6":[0,0],"7":[0,0,0],"8":[0,0],"9":[0,0],"10":[0,0],"11":[0,0],"12":[0,0],"13":[0,0],"14":[0,0,0],"15":[0,0],"16":[0,0],"17":[0,0],"18":[0,0],"19":[0,0],"20":[0,0],"21":[0,0],"22":[0,0],"23":[0,0],"24":[0,0,0],"25":[0,0],"26":[0,0],"27":[0,0],"28":[0,0],"29":[0,0]},"_coverageSchema":"1a1c01bbd47fc00a2c39e90264f33305004495a9","hash":"0df38db44316ff951ef054463b955e962cf46604"}
,"/Users/MikeEnik/dev/stellar-burgers/src/utils/cookie.ts": {"path":"/Users/MikeEnik/dev/stellar-burgers/src/utils/cookie.ts","statementMap":{"0":{"start":{"line":2,"column":18},"end":{"line":8,"column":3}},"1":{"start":{"line":9,"column":2},"end":{"line":9,"column":62}},"2":{"start":{"line":17,"column":2},"end":{"line":20,"column":4}},"3":{"start":{"line":22,"column":12},"end":{"line":22,"column":25}},"4":{"start":{"line":23,"column":2},"end":{"line":27,"column":3}},"5":{"start":{"line":24,"column":14},"end":{"line":24,"column":24}},"6":{"start":{"line":25,"column":4},"end":{"line":25,"column":40}},"7":{"start":{"line":26,"column":4},"end":{"line":26,"column":28}},"8":{"start":{"line":29,"column":2},"end":{"line":31,"column":3}},"9":{"start":{"line":30,"column":4},"end":{"line":30,"column":38}},"10":{"start":{"line":32,"column":2},"end":{"line":32,"column":36}},"11":{"start":{"line":33,"column":22},"end":{"line":33,"column":40}},"12":{"start":{"line":34,"column":2},"end":{"line":40,"column":3}},"13":{"start":{"line":35,"column":4},"end":{"line":35,"column":37}},"14":{"start":{"line":36,"column":22},"end":{"line":36,"column":37}},"15":{"start":{"line":37,"column":4},"end":{"line":39,"column":5}},"16":{"start":{"line":38,"column":6},"end":{"line":38,"column":39}},"17":{"start":{"line":41,"column":2},"end":{"line":41,"column":34}},"18":{"start":{"line":45,"column":2},"end":{"line":45,"column":39}}},"fnMap":{"0":{"name":"getCookie","decl":{"start":{"line":1,"column":16},"end":{"line":1,"column":25}},"loc":{"start":{"line":1,"column":60},"end":{"line":10,"column":1}},"line":1},"1":{"name":"setCookie","decl":{"start":{"line":12,"column":16},"end":{"line":12,"column":25}},"loc":{"start":{"line":16,"column":2},"end":{"line":42,"column":1}},"line":16},"2":{"name":"deleteCookie","decl":{"start":{"line":44,"column":16},"end":{"line":44,"column":28}},"loc":{"start":{"line":44,"column":43},"end":{"line":46,"column":1}},"line":44}},"branchMap":{"0":{"loc":{"start":{"line":9,"column":9},"end":{"line":9,"column":61}},"type":"cond-expr","locations":[{"start":{"line":9,"column":19},"end":{"line":9,"column":49}},{"start":{"line":9,"column":52},"end":{"line":9,"column":61}}],"line":9},"1":{"loc":{"start":{"line":15,"column":2},"end":{"line":15,"column":65}},"type":"default-arg","locations":[{"start":{"line":15,"column":63},"end":{"line":15,"column":65}}],"line":15},"2":{"loc":{"start":{"line":23,"column":2},"end":{"line":27,"column":3}},"type":"if","locations":[{"start":{"line":23,"column":2},"end":{"line":27,"column":3}},{"start":{},"end":{}}],"line":23},"3":{"loc":{"start":{"line":23,"column":6},"end":{"line":23,"column":36}},"type":"binary-expr","locations":[{"start":{"line":23,"column":6},"end":{"line":23,"column":9}},{"start":{"line":23,"column":13},"end":{"line":23,"column":36}}],"line":23},"4":{"loc":{"start":{"line":29,"column":2},"end":{"line":31,"column":3}},"type":"if","locations":[{"start":{"line":29,"column":2},"end":{"line":31,"column":3}},{"start":{},"end":{}}],"line":29},"5":{"loc":{"start":{"line":29,"column":6},"end":{"line":29,"column":32}},"type":"binary-expr","locations":[{"start":{"line":29,"column":6},"end":{"line":29,"column":9}},{"start":{"line":29,"column":13},"end":{"line":29,"column":32}}],"line":29},"6":{"loc":{"start":{"line":37,"column":4},"end":{"line":39,"column":5}},"type":"if","locations":[{"start":{"line":37,"column":4},"end":{"line":39,"column":5}},{"start":{},"end":{}}],"line":37}},"s":{"0":0,"1":0,"2":0,"3":0,"4":0,"5":0,"6":0,"7":0,"8":0,"9":0,"10":0,"11":0,"12":0,"13":0,"14":0,"15":0,"16":0,"17":0,"18":0},"f":{"0":0,"1":0,"2":0},"b":{"0":[0,0],"1":[0],"2":[0,0],"3":[0,0],"4":[0,0],"5":[0,0],"6":[0,0]},"_coverageSchema":"1a1c01bbd47fc00a2c39e90264f33305004495a9","hash":"f8d3f531a9d1723bb8138a0afc20aaeb04a71a9d"}
}
