TN:
SF:src/services/root-reducer.ts
FNF:0
FNH:0
DA:9,1
LF:1
LH:1
BRF:0
BRH:0
end_of_record
TN:
SF:src/services/slices/auth-slice.ts
FN:30,(anonymous_0)
FN:49,(anonymous_1)
FN:68,(anonymous_2)
FN:87,(anonymous_3)
FN:106,(anonymous_4)
FN:124,(anonymous_5)
FN:149,(anonymous_6)
FN:152,(anonymous_7)
FN:156,(anonymous_8)
FN:161,(anonymous_9)
FN:163,(anonymous_10)
FN:167,(anonymous_11)
FN:173,(anonymous_12)
FN:178,(anonymous_13)
FN:182,(anonymous_14)
FN:188,(anonymous_15)
FN:193,(anonymous_16)
FN:197,(anonymous_17)
FN:203,(anonymous_18)
FN:209,(anonymous_19)
FN:213,(anonymous_20)
FN:218,(anonymous_21)
FN:222,(anonymous_22)
FN:226,(anonymous_23)
FN:232,(anonymous_24)
FN:238,(anonymous_25)
FN:242,(anonymous_26)
FN:248,(anonymous_27)
FNF:28
FNH:7
FNDA:0,(anonymous_0)
FNDA:0,(anonymous_1)
FNDA:0,(anonymous_2)
FNDA:0,(anonymous_3)
FNDA:0,(anonymous_4)
FNDA:0,(anonymous_5)
FNDA:1,(anonymous_6)
FNDA:1,(anonymous_7)
FNDA:1,(anonymous_8)
FNDA:2,(anonymous_9)
FNDA:1,(anonymous_10)
FNDA:1,(anonymous_11)
FNDA:1,(anonymous_12)
FNDA:0,(anonymous_13)
FNDA:0,(anonymous_14)
FNDA:0,(anonymous_15)
FNDA:0,(anonymous_16)
FNDA:0,(anonymous_17)
FNDA:0,(anonymous_18)
FNDA:0,(anonymous_19)
FNDA:0,(anonymous_20)
FNDA:0,(anonymous_21)
FNDA:0,(anonymous_22)
FNDA:0,(anonymous_23)
FNDA:0,(anonymous_24)
FNDA:0,(anonymous_25)
FNDA:0,(anonymous_26)
FNDA:0,(anonymous_27)
DA:21,2
DA:28,2
DA:31,0
DA:32,0
DA:33,0
DA:34,0
DA:35,0
DA:36,0
DA:38,0
DA:40,0
DA:47,2
DA:50,0
DA:51,0
DA:52,0
DA:53,0
DA:54,0
DA:55,0
DA:57,0
DA:59,0
DA:66,2
DA:69,0
DA:70,0
DA:71,0
DA:72,0
DA:74,0
DA:76,0
DA:85,2
DA:88,0
DA:89,0
DA:90,0
DA:91,0
DA:93,0
DA:95,0
DA:104,2
DA:107,0
DA:108,0
DA:109,0
DA:110,0
DA:111,0
DA:113,0
DA:114,0
DA:115,0
DA:122,2
DA:125,0
DA:126,0
DA:127,0
DA:128,0
DA:130,0
DA:131,0
DA:132,0
DA:134,0
DA:136,0
DA:137,0
DA:138,0
DA:145,2
DA:150,1
DA:153,1
DA:154,1
DA:157,1
DA:158,1
DA:162,2
DA:164,1
DA:165,1
DA:168,1
DA:169,1
DA:170,1
DA:171,1
DA:174,1
DA:175,1
DA:176,1
DA:179,0
DA:180,0
DA:183,0
DA:184,0
DA:185,0
DA:186,0
DA:189,0
DA:190,0
DA:191,0
DA:194,0
DA:195,0
DA:198,0
DA:199,0
DA:200,0
DA:201,0
DA:204,0
DA:205,0
DA:207,0
DA:210,0
DA:211,0
DA:214,0
DA:215,0
DA:216,0
DA:219,0
DA:220,0
DA:223,0
DA:224,0
DA:227,0
DA:228,0
DA:229,0
DA:230,0
DA:233,0
DA:234,0
DA:235,0
DA:236,0
DA:239,0
DA:240,0
DA:243,0
DA:244,0
DA:245,0
DA:246,0
DA:249,0
DA:250,0
DA:251,0
DA:252,0
DA:258,2
LF:116
LH:24
BRDA:33,0,0,0
BRDA:33,0,1,0
BRDA:41,1,0,0
BRDA:41,1,1,0
BRDA:52,2,0,0
BRDA:52,2,1,0
BRDA:60,3,0,0
BRDA:60,3,1,0
BRDA:71,4,0,0
BRDA:71,4,1,0
BRDA:77,5,0,0
BRDA:77,5,1,0
BRDA:90,6,0,0
BRDA:90,6,1,0
BRDA:96,7,0,0
BRDA:96,7,1,0
BRDA:116,8,0,0
BRDA:116,8,1,0
BRDA:127,9,0,0
BRDA:127,9,1,0
BRDA:131,10,0,0
BRDA:131,10,1,0
BRDA:139,11,0,0
BRDA:139,11,1,0
BRDA:169,12,0,1
BRDA:169,12,1,0
BRDA:175,13,0,1
BRDA:175,13,1,0
BRDA:184,14,0,0
BRDA:184,14,1,0
BRDA:190,15,0,0
BRDA:190,15,1,0
BRDA:199,16,0,0
BRDA:199,16,1,0
BRDA:206,17,0,0
BRDA:206,17,1,0
BRDA:215,18,0,0
BRDA:215,18,1,0
BRDA:220,19,0,0
BRDA:220,19,1,0
BRDA:236,20,0,0
BRDA:236,20,1,0
BRDA:244,21,0,0
BRDA:244,21,1,0
BRDA:253,22,0,0
BRDA:253,22,1,0
BRF:46
BRH:2
end_of_record
TN:
SF:src/services/slices/constructor-slice.ts
FN:18,(anonymous_0)
FN:22,(anonymous_1)
FN:26,(anonymous_2)
FN:29,(anonymous_3)
FN:32,(anonymous_4)
FN:48,(anonymous_5)
FNF:6
FNH:6
FNDA:1,(anonymous_0)
FNDA:1,(anonymous_1)
FNDA:1,(anonymous_2)
FNDA:1,(anonymous_3)
FNDA:1,(anonymous_4)
FNDA:1,(anonymous_5)
DA:9,2
DA:14,2
DA:18,1
DA:22,1
DA:26,1
DA:29,1
DA:36,1
DA:37,1
DA:38,1
DA:39,1
DA:40,1
DA:41,1
DA:43,1
DA:48,1
DA:62,2
LF:15
LH:15
BRDA:24,0,0,1
BRDA:24,0,1,0
BRDA:28,1,0,1
BRDA:28,1,1,0
BRDA:37,2,0,1
BRDA:37,2,1,0
BRF:6
BRH:3
end_of_record
TN:
SF:src/services/slices/feed-slice.ts
FN:20,(anonymous_0)
FN:36,(anonymous_1)
FN:38,(anonymous_2)
FN:42,(anonymous_3)
FN:48,(anonymous_4)
FNF:5
FNH:4
FNDA:0,(anonymous_0)
FNDA:2,(anonymous_1)
FNDA:1,(anonymous_2)
FNDA:1,(anonymous_3)
FNDA:1,(anonymous_4)
DA:10,2
DA:18,2
DA:21,0
DA:22,0
DA:23,0
DA:25,0
DA:32,2
DA:37,2
DA:39,1
DA:40,1
DA:43,1
DA:44,1
DA:45,1
DA:46,1
DA:49,1
DA:50,1
LF:16
LH:12
BRDA:23,0,0,0
BRDA:23,0,1,0
BRDA:26,1,0,0
BRDA:26,1,1,0
BRDA:43,2,0,1
BRDA:43,2,1,0
BRDA:44,3,0,1
BRDA:44,3,1,0
BRDA:45,4,0,1
BRDA:45,4,1,0
BRDA:51,5,0,1
BRDA:51,5,1,0
BRF:12
BRH:4
end_of_record
TN:
SF:src/services/slices/ingredients-slice.ts
FN:19,(anonymous_0)
FN:35,(anonymous_1)
FN:39,(anonymous_2)
FN:41,(anonymous_3)
FN:45,(anonymous_4)
FN:50,(anonymous_5)
FNF:6
FNH:5
FNDA:0,(anonymous_0)
FNDA:1,(anonymous_1)
FNDA:2,(anonymous_2)
FNDA:1,(anonymous_3)
FNDA:1,(anonymous_4)
FNDA:1,(anonymous_5)
DA:11,2
DA:17,2
DA:20,0
DA:21,0
DA:22,0
DA:24,0
DA:31,2
DA:36,1
DA:40,2
DA:42,1
DA:43,1
DA:46,1
DA:47,1
DA:48,1
DA:51,1
DA:52,1
DA:58,2
LF:17
LH:13
BRDA:22,0,0,0
BRDA:22,0,1,0
BRDA:25,1,0,0
BRDA:25,1,1,0
BRDA:47,2,0,1
BRDA:47,2,1,0
BRDA:53,3,0,1
BRDA:53,3,1,0
BRF:8
BRH:2
end_of_record
TN:
SF:src/services/slices/order-slice.ts
FN:21,(anonymous_0)
FN:35,(anonymous_1)
FN:51,(anonymous_2)
FN:54,(anonymous_3)
FN:58,(anonymous_4)
FN:60,(anonymous_5)
FN:64,(anonymous_6)
FN:69,(anonymous_7)
FN:73,(anonymous_8)
FN:76,(anonymous_9)
FN:80,(anonymous_10)
FNF:11
FNH:7
FNDA:0,(anonymous_0)
FNDA:0,(anonymous_1)
FNDA:1,(anonymous_2)
FNDA:1,(anonymous_3)
FNDA:2,(anonymous_4)
FNDA:1,(anonymous_5)
FNDA:1,(anonymous_6)
FNDA:1,(anonymous_7)
FNDA:0,(anonymous_8)
FNDA:1,(anonymous_9)
FNDA:0,(anonymous_10)
DA:12,2
DA:19,2
DA:22,0
DA:23,0
DA:24,0
DA:26,0
DA:33,2
DA:36,0
DA:37,0
DA:38,0
DA:40,0
DA:47,2
DA:52,1
DA:55,1
DA:59,2
DA:61,1
DA:62,1
DA:65,1
DA:66,1
DA:67,1
DA:70,1
DA:71,1
DA:74,0
DA:77,1
DA:78,1
DA:81,0
DA:86,2
LF:27
LH:17
BRDA:24,0,0,0
BRDA:24,0,1,0
BRDA:27,1,0,0
BRDA:27,1,1,0
BRDA:38,2,0,0
BRDA:38,2,1,0
BRDA:41,3,0,0
BRDA:41,3,1,0
BRDA:66,4,0,1
BRDA:66,4,1,0
BRDA:71,5,0,1
BRDA:71,5,1,0
BRDA:77,6,0,1
BRDA:77,6,1,0
BRDA:81,7,0,0
BRDA:81,7,1,0
BRF:16
BRH:3
end_of_record
TN:
SF:src/services/slices/user-orders-slice.ts
FN:19,(anonymous_0)
FN:35,(anonymous_1)
FN:39,(anonymous_2)
FN:41,(anonymous_3)
FN:45,(anonymous_4)
FN:50,(anonymous_5)
FNF:6
FNH:5
FNDA:0,(anonymous_0)
FNDA:1,(anonymous_1)
FNDA:2,(anonymous_2)
FNDA:1,(anonymous_3)
FNDA:1,(anonymous_4)
FNDA:1,(anonymous_5)
DA:11,2
DA:17,2
DA:20,0
DA:21,0
DA:22,0
DA:24,0
DA:31,2
DA:36,1
DA:40,2
DA:42,1
DA:43,1
DA:46,1
DA:47,1
DA:48,1
DA:51,1
DA:52,1
DA:57,2
LF:17
LH:13
BRDA:22,0,0,0
BRDA:22,0,1,0
BRDA:25,1,0,0
BRDA:25,1,1,0
BRDA:52,2,0,1
BRDA:52,2,1,0
BRF:6
BRH:1
end_of_record
TN:
SF:src/utils/burger-api.ts
FN:7,(anonymous_0)
FN:8,(anonymous_1)
FN:19,(anonymous_2)
FN:29,(anonymous_3)
FN:30,(anonymous_4)
FN:39,(anonymous_5)
FN:123,(anonymous_6)
FN:125,(anonymous_7)
FN:126,(anonymous_8)
FN:130,(anonymous_9)
FN:175,(anonymous_10)
FN:177,(anonymous_11)
FN:191,(anonymous_12)
FN:195,(anonymous_13)
FN:208,(anonymous_14)
FN:215,(anonymous_15)
FN:225,(anonymous_16)
FN:235,(anonymous_17)
FN:244,(anonymous_18)
FN:270,(anonymous_19)
FN:284,(anonymous_20)
FN:288,(anonymous_21)
FN:314,(anonymous_22)
FN:322,(anonymous_23)
FN:323,(anonymous_24)
FN:333,(anonymous_25)
FN:341,(anonymous_26)
FN:342,(anonymous_27)
FN:347,(anonymous_28)
FN:355,(anonymous_29)
FN:356,(anonymous_30)
FN:361,(anonymous_31)
FN:369,(anonymous_32)
FN:370,(anonymous_33)
FN:377,(anonymous_34)
FN:384,(anonymous_35)
FN:394,(anonymous_36)
FN:403,(anonymous_37)
FNF:38
FNH:0
FNDA:0,(anonymous_0)
FNDA:0,(anonymous_1)
FNDA:0,(anonymous_2)
FNDA:0,(anonymous_3)
FNDA:0,(anonymous_4)
FNDA:0,(anonymous_5)
FNDA:0,(anonymous_6)
FNDA:0,(anonymous_7)
FNDA:0,(anonymous_8)
FNDA:0,(anonymous_9)
FNDA:0,(anonymous_10)
FNDA:0,(anonymous_11)
FNDA:0,(anonymous_12)
FNDA:0,(anonymous_13)
FNDA:0,(anonymous_14)
FNDA:0,(anonymous_15)
FNDA:0,(anonymous_16)
FNDA:0,(anonymous_17)
FNDA:0,(anonymous_18)
FNDA:0,(anonymous_19)
FNDA:0,(anonymous_20)
FNDA:0,(anonymous_21)
FNDA:0,(anonymous_22)
FNDA:0,(anonymous_23)
FNDA:0,(anonymous_24)
FNDA:0,(anonymous_25)
FNDA:0,(anonymous_26)
FNDA:0,(anonymous_27)
FNDA:0,(anonymous_28)
FNDA:0,(anonymous_29)
FNDA:0,(anonymous_30)
FNDA:0,(anonymous_31)
FNDA:0,(anonymous_32)
FNDA:0,(anonymous_33)
FNDA:0,(anonymous_34)
FNDA:0,(anonymous_35)
FNDA:0,(anonymous_36)
FNDA:0,(anonymous_37)
DA:5,6
DA:7,6
DA:8,0
DA:19,6
DA:20,0
DA:29,0
DA:31,0
DA:32,0
DA:34,0
DA:35,0
DA:36,0
DA:39,6
DA:43,0
DA:44,0
DA:45,0
DA:47,0
DA:48,0
DA:49,0
DA:50,0
DA:51,0
DA:54,0
DA:55,0
DA:57,0
DA:58,0
DA:59,0
DA:62,0
DA:81,6
DA:123,6
DA:124,0
DA:125,0
DA:127,0
DA:128,0
DA:131,0
DA:135,0
DA:137,0
DA:140,6
DA:175,6
DA:176,0
DA:178,0
DA:179,0
DA:180,0
DA:182,0
DA:183,0
DA:187,0
DA:189,0
DA:192,0
DA:193,0
DA:196,0
DA:200,0
DA:202,0
DA:203,0
DA:205,0
DA:208,6
DA:209,0
DA:216,0
DA:217,0
DA:225,6
DA:226,0
DA:236,0
DA:237,0
DA:244,6
DA:245,0
DA:264,0
DA:271,0
DA:272,0
DA:273,0
DA:275,0
DA:276,0
DA:280,0
DA:282,0
DA:285,0
DA:286,0
DA:289,0
DA:293,0
DA:295,0
DA:296,0
DA:298,0
DA:314,6
DA:315,0
DA:322,0
DA:324,0
DA:325,0
DA:333,6
DA:334,0
DA:341,0
DA:343,0
DA:344,0
DA:347,6
DA:348,0
DA:355,0
DA:357,0
DA:358,0
DA:361,6
DA:362,0
DA:369,0
DA:371,0
DA:372,0
DA:377,6
DA:378,0
DA:384,6
DA:385,0
DA:394,6
DA:395,0
DA:403,0
LF:104
LH:18
BRDA:5,0,0,6
BRDA:5,0,1,6
BRDA:8,1,0,0
BRDA:8,1,1,0
BRDA:31,2,0,0
BRDA:31,2,1,0
BRDA:47,3,0,0
BRDA:47,3,1,0
BRDA:50,4,0,0
BRDA:50,4,1,0
BRDA:127,5,0,0
BRDA:127,5,1,0
BRDA:131,6,0,0
BRDA:131,6,1,0
BRDA:132,7,0,0
BRDA:132,7,1,0
BRDA:132,7,2,0
BRDA:178,8,0,0
BRDA:178,8,1,0
BRDA:179,9,0,0
BRDA:179,9,1,0
BRDA:182,10,0,0
BRDA:182,10,1,0
BRDA:182,11,0,0
BRDA:182,11,1,0
BRDA:192,12,0,0
BRDA:192,12,1,0
BRDA:196,13,0,0
BRDA:196,13,1,0
BRDA:197,14,0,0
BRDA:197,14,1,0
BRDA:197,14,2,0
BRDA:202,15,0,0
BRDA:202,15,1,0
BRDA:216,16,0,0
BRDA:216,16,1,0
BRDA:236,17,0,0
BRDA:236,17,1,0
BRDA:271,18,0,0
BRDA:271,18,1,0
BRDA:272,19,0,0
BRDA:272,19,1,0
BRDA:275,20,0,0
BRDA:275,20,1,0
BRDA:275,21,0,0
BRDA:275,21,1,0
BRDA:285,22,0,0
BRDA:285,22,1,0
BRDA:289,23,0,0
BRDA:289,23,1,0
BRDA:290,24,0,0
BRDA:290,24,1,0
BRDA:290,24,2,0
BRDA:295,25,0,0
BRDA:295,25,1,0
BRDA:324,26,0,0
BRDA:324,26,1,0
BRDA:343,27,0,0
BRDA:343,27,1,0
BRDA:357,28,0,0
BRDA:357,28,1,0
BRDA:371,29,0,0
BRDA:371,29,1,0
BRF:63
BRH:2
end_of_record
TN:
SF:src/utils/cookie.ts
FN:1,getCookie
FN:12,setCookie
FN:44,deleteCookie
FNF:3
FNH:0
FNDA:0,getCookie
FNDA:0,setCookie
FNDA:0,deleteCookie
DA:2,0
DA:9,0
DA:17,0
DA:22,0
DA:23,0
DA:24,0
DA:25,0
DA:26,0
DA:29,0
DA:30,0
DA:32,0
DA:33,0
DA:34,0
DA:35,0
DA:36,0
DA:37,0
DA:38,0
DA:41,0
DA:45,0
LF:19
LH:0
BRDA:9,0,0,0
BRDA:9,0,1,0
BRDA:15,1,0,0
BRDA:23,2,0,0
BRDA:23,2,1,0
BRDA:23,3,0,0
BRDA:23,3,1,0
BRDA:29,4,0,0
BRDA:29,4,1,0
BRDA:29,5,0,0
BRDA:29,5,1,0
BRDA:37,6,0,0
BRDA:37,6,1,0
BRF:13
BRH:0
end_of_record
